<?xml version="1.0" encoding="UTF-8"?>
<testsuites name="Test_Case_For_Excel_And_Mail_Automation" time="1403.864" tests="1" failures="0" errors="0">
   <testsuite name="Test_Case_For_Excel_And_Mail_Automation" tests="1" failures="0" errors="0" time="1403.864" skipped="0" timestamp="13-08-2024T15:02:49" hostname="DELL - host.docker.internal" id="Test Suites/Test_Case_For_Excel_And_Mail_Automation">
      <properties>
         <property name="deviceName" value=""/>
         <property name="devicePlatform"/>
         <property name="logFolder" value="C:\\Users\\DELL\\git\\excel_automation_with_mail_feature\\Reports\\20240813_150244\\Test_Case_For_Excel_And_Mail_Automation\\20240813_150245"/>
         <property name="logFiles" value="C:\\Users\\DELL\\git\\excel_automation_with_mail_feature\\Reports\\20240813_150244\\Test_Case_For_Excel_And_Mail_Automation\\20240813_150245\\execution0.log"/>
         <property name="attachments" value=""/>
         <property name="hostName" value="DELL - host.docker.internal"/>
         <property name="os" value="Windows 11 64bit"/>
         <property name="katalonVersion" value="9.5.0.217"/>
         <property name="browser" value="Chrome 127.0.0.0"/>
         <property name="hostAddress" value="192.168.31.251"/>
         <property name="sessionId" value="ede232fe0d7a4dac15ff6a1d28160073"/>
         <property name="seleniumVersion" value="3.141.59"/>
         <property name="proxyInformation" value="ProxyInformation { proxyOption=NO_PROXY, proxyServerType=HTTP, username=, password=********, proxyServerAddress=, proxyServerPort=0, executionList=&quot;&quot;, isApplyToDesiredCapabilities=true }"/>
         <property name="platform" value="Windows 11"/>
      </properties>
      <testcase name="Test Cases/Test_case_for_excel_and_mail_automation" time="1403.701" classname="Test Cases/Test_case_for_excel_and_mail_automation" status="PASSED">
         <system-out><![CDATA[13-08-2024T15:02:49 - [TEST_CASE][PASSED] - Test Cases/Test_case_for_excel_and_mail_automation: Test Cases/Test_case_for_excel_and_mail_automation

13-08-2024T15:02:50 - [TEST_STEP][PASSED] - callTestCase(findTestCase("test_case_for_creating_excel_with_data"), [:], STOP_ON_FAILURE): Call Test Case 'Test Cases/test_case_for_creating_excel_with_data' successfully

13-08-2024T15:02:50 - [TEST_CASE][PASSED] - Test Cases/test_case_for_creating_excel_with_data: Test Cases/test_case_for_creating_excel_with_data

13-08-2024T15:02:51 - [TEST_STEP][PASSED] - callTestCase(findTestCase("LOGIN_TEST_CASE_FOR_ORANGE_HRM"), [:], STOP_ON_FAILURE): Call Test Case 'Test Cases/LOGIN_TEST_CASE_FOR_ORANGE_HRM' successfully

13-08-2024T15:02:51 - [TEST_CASE][PASSED] - Test Cases/LOGIN_TEST_CASE_FOR_ORANGE_HRM: Test Cases/LOGIN_TEST_CASE_FOR_ORANGE_HRM

13-08-2024T15:02:51 - [TEST_STEP][PASSED] - openBrowser(""): Browser is opened with url: ''

13-08-2024T15:02:51 - [MESSAGE][INFO] - Starting 'Chrome' driver

13-08-2024T15:02:51 - [MESSAGE][INFO] - Action delay is set to 0 milliseconds

13-08-2024T15:02:52 - [MESSAGE][PASSED] - Browser is opened with url: ''

13-08-2024T15:02:52 - [TEST_STEP][PASSED] - maximizeWindow(): Current window maximized

13-08-2024T15:02:53 - [MESSAGE][PASSED] - Current window maximized

13-08-2024T15:02:53 - [TEST_STEP][PASSED] - navigateToUrl("https://opensource-demo.orangehrmlive.com/web/index.php/auth/login"): Navigate to 'https://opensource-demo.orangehrmlive.com/web/index.php/auth/login' successfully

13-08-2024T15:03:04 - [MESSAGE][PASSED] - Navigate to 'https://opensource-demo.orangehrmlive.com/web/index.php/auth/login' successfully

13-08-2024T15:03:04 - [TEST_STEP][PASSED] - verifyElementPresent(findTestObject("Object Repository/LOGIN_TEST_CASE_FOR_ORANGE_HRM/username_text_box_login_page"), 10): Object 'Object Repository/LOGIN_TEST_CASE_FOR_ORANGE_HRM/username_text_box_login_page' is present

13-08-2024T15:03:05 - [MESSAGE][PASSED] - Object 'Object Repository/LOGIN_TEST_CASE_FOR_ORANGE_HRM/username_text_box_login_page' is present

13-08-2024T15:03:05 - [TEST_STEP][PASSED] - click(findTestObject("Object Repository/LOGIN_TEST_CASE_FOR_ORANGE_HRM/username_text_box_login_page")): Object: 'Object Repository/LOGIN_TEST_CASE_FOR_ORANGE_HRM/username_text_box_login_page' is clicked on

13-08-2024T15:03:05 - [MESSAGE][PASSED] - Object: 'Object Repository/LOGIN_TEST_CASE_FOR_ORANGE_HRM/username_text_box_login_page' is clicked on

13-08-2024T15:03:05 - [TEST_STEP][PASSED] - setText(findTestObject("Object Repository/LOGIN_TEST_CASE_FOR_ORANGE_HRM/username_text_box_login_page"), "Admin"): Text 'Admin' is set on object 'Object Repository/LOGIN_TEST_CASE_FOR_ORANGE_HRM/username_text_box_login_page'

13-08-2024T15:03:06 - [MESSAGE][PASSED] - Text 'Admin' is set on object 'Object Repository/LOGIN_TEST_CASE_FOR_ORANGE_HRM/username_text_box_login_page'

13-08-2024T15:03:06 - [TEST_STEP][PASSED] - verifyElementPresent(findTestObject("Object Repository/LOGIN_TEST_CASE_FOR_ORANGE_HRM/password_text_box_for_login_page"), 10): Object 'Object Repository/LOGIN_TEST_CASE_FOR_ORANGE_HRM/password_text_box_for_login_page' is present

13-08-2024T15:03:06 - [MESSAGE][PASSED] - Object 'Object Repository/LOGIN_TEST_CASE_FOR_ORANGE_HRM/password_text_box_for_login_page' is present

13-08-2024T15:03:06 - [TEST_STEP][PASSED] - click(findTestObject("Object Repository/LOGIN_TEST_CASE_FOR_ORANGE_HRM/password_text_box_for_login_page")): Object: 'Object Repository/LOGIN_TEST_CASE_FOR_ORANGE_HRM/password_text_box_for_login_page' is clicked on

13-08-2024T15:03:07 - [MESSAGE][PASSED] - Object: 'Object Repository/LOGIN_TEST_CASE_FOR_ORANGE_HRM/password_text_box_for_login_page' is clicked on

13-08-2024T15:03:07 - [TEST_STEP][PASSED] - setText(findTestObject("Object Repository/LOGIN_TEST_CASE_FOR_ORANGE_HRM/password_text_box_for_login_page"), "admin123"): Text 'admin123' is set on object 'Object Repository/LOGIN_TEST_CASE_FOR_ORANGE_HRM/password_text_box_for_login_page'

13-08-2024T15:03:07 - [MESSAGE][PASSED] - Text 'admin123' is set on object 'Object Repository/LOGIN_TEST_CASE_FOR_ORANGE_HRM/password_text_box_for_login_page'

13-08-2024T15:03:07 - [TEST_STEP][PASSED] - verifyElementPresent(findTestObject("Object Repository/LOGIN_TEST_CASE_FOR_ORANGE_HRM/login_button_for_login_page"), 0): Object 'Object Repository/LOGIN_TEST_CASE_FOR_ORANGE_HRM/login_button_for_login_page' is present

13-08-2024T15:03:07 - [MESSAGE][WARNING] - Timeout '0' is invalid. Using default page load timeout: '30'

13-08-2024T15:03:08 - [MESSAGE][PASSED] - Object 'Object Repository/LOGIN_TEST_CASE_FOR_ORANGE_HRM/login_button_for_login_page' is present

13-08-2024T15:03:08 - [TEST_STEP][PASSED] - click(findTestObject("Object Repository/LOGIN_TEST_CASE_FOR_ORANGE_HRM/login_button_for_login_page")): Object: 'Object Repository/LOGIN_TEST_CASE_FOR_ORANGE_HRM/login_button_for_login_page' is clicked on

13-08-2024T15:03:08 - [MESSAGE][PASSED] - Object: 'Object Repository/LOGIN_TEST_CASE_FOR_ORANGE_HRM/login_button_for_login_page' is clicked on

13-08-2024T15:03:08 - [MESSAGE][PASSED] - Call Test Case 'Test Cases/LOGIN_TEST_CASE_FOR_ORANGE_HRM' successfully

13-08-2024T15:03:08 - [TEST_STEP][PASSED] - excelFilePath = "C:\Users\DELL\OneDrive\Desktop\mail\add_employee_data.xlsx": null

13-08-2024T15:03:08 - [TEST_STEP][PASSED] - sheetName = "Sheet1": null

13-08-2024T15:03:08 - [TEST_STEP][PASSED] - file = new java.io.File(excelFilePath): null

13-08-2024T15:03:08 - [TEST_STEP][PASSED] - workbook = <not implemented yet for class: org.codehaus.groovy.ast.expr.EmptyExpression>: null

13-08-2024T15:03:08 - [TEST_STEP][PASSED] - sheet = <not implemented yet for class: org.codehaus.groovy.ast.expr.EmptyExpression>: null

13-08-2024T15:03:08 - [TEST_STEP][PASSED] - if (!(file.exists())): null

13-08-2024T15:03:08 - [TEST_STEP][PASSED] - fis = new java.io.FileInputStream(file): null

13-08-2024T15:03:08 - [TEST_STEP][PASSED] - workbook = new org.apache.poi.xssf.usermodel.XSSFWorkbook(fis): null

13-08-2024T15:03:09 - [TEST_STEP][PASSED] - sheet = workbook.getSheet(sheetName): null

13-08-2024T15:03:09 - [TEST_STEP][PASSED] - if (sheet == null): null

13-08-2024T15:03:09 - [TEST_STEP][PASSED] - if (sheet.getPhysicalNumberOfRows() == 0): null

13-08-2024T15:03:09 - [TEST_STEP][PASSED] - headerRow = sheet.createRow(0): null

13-08-2024T15:03:09 - [TEST_STEP][PASSED] - createCell(0).setCellValue("First_name"): null

13-08-2024T15:03:09 - [TEST_STEP][PASSED] - createCell(1).setCellValue("Middle_name"): null

13-08-2024T15:03:09 - [TEST_STEP][PASSED] - createCell(2).setCellValue("Last_name"): null

13-08-2024T15:03:09 - [TEST_STEP][PASSED] - createCell(3).setCellValue("Username"): null

13-08-2024T15:03:09 - [TEST_STEP][PASSED] - createCell(4).setCellValue("Password"): null

13-08-2024T15:03:09 - [TEST_STEP][PASSED] - createCell(5).setCellValue("Employee_id"): null

13-08-2024T15:03:09 - [TEST_STEP][PASSED] - loopCount = Integer.parseInt(RandomStringUtils.randomNumeric(2)) % 11 + 15: null

13-08-2024T15:03:09 - [TEST_STEP][PASSED] - for ([i = 1, i <= loopCount, (i++)]): null

13-08-2024T15:03:09 - [TEST_STEP][PASSED] - callTestCase(findTestCase("ADDING_A_NEW_EMPLOYEE"), [:], STOP_ON_FAILURE): Call Test Case 'Test Cases/ADDING_A_NEW_EMPLOYEE' successfully

13-08-2024T15:03:09 - [TEST_CASE][PASSED] - Test Cases/ADDING_A_NEW_EMPLOYEE: Test Cases/ADDING_A_NEW_EMPLOYEE

13-08-2024T15:03:09 - [TEST_STEP][PASSED] - verifyElementPresent(findTestObject("ADDING_A_NEW_EMPLOYEE/pim_option_from_side_bar"), 10): Object 'Object Repository/ADDING_A_NEW_EMPLOYEE/pim_option_from_side_bar' is present

13-08-2024T15:03:11 - [MESSAGE][PASSED] - Object 'Object Repository/ADDING_A_NEW_EMPLOYEE/pim_option_from_side_bar' is present

13-08-2024T15:03:11 - [TEST_STEP][PASSED] - click(findTestObject("ADDING_A_NEW_EMPLOYEE/pim_option_from_side_bar")): Object: 'Object Repository/ADDING_A_NEW_EMPLOYEE/pim_option_from_side_bar' is clicked on

13-08-2024T15:03:13 - [MESSAGE][PASSED] - Object: 'Object Repository/ADDING_A_NEW_EMPLOYEE/pim_option_from_side_bar' is clicked on

13-08-2024T15:03:13 - [TEST_STEP][PASSED] - waitForElementPresent(findTestObject("ADDING_A_NEW_EMPLOYEE/adding_new_employee_button_in_pim_page"), 10): Object 'Object Repository/ADDING_A_NEW_EMPLOYEE/adding_new_employee_button_in_pim_page' is present

13-08-2024T15:03:14 - [MESSAGE][PASSED] - Object 'Object Repository/ADDING_A_NEW_EMPLOYEE/adding_new_employee_button_in_pim_page' is present

13-08-2024T15:03:14 - [TEST_STEP][PASSED] - click(findTestObject("ADDING_A_NEW_EMPLOYEE/adding_new_employee_button_in_pim_page")): Object: 'Object Repository/ADDING_A_NEW_EMPLOYEE/adding_new_employee_button_in_pim_page' is clicked on

13-08-2024T15:03:15 - [MESSAGE][PASSED] - Object: 'Object Repository/ADDING_A_NEW_EMPLOYEE/adding_new_employee_button_in_pim_page' is clicked on

13-08-2024T15:03:15 - [TEST_STEP][PASSED] - verifyElementPresent(findTestObject("ADDING_A_NEW_EMPLOYEE/create_login_details_checkbox"), 10): Object 'Object Repository/ADDING_A_NEW_EMPLOYEE/create_login_details_checkbox' is present

13-08-2024T15:03:16 - [MESSAGE][PASSED] - Object 'Object Repository/ADDING_A_NEW_EMPLOYEE/create_login_details_checkbox' is present

13-08-2024T15:03:16 - [TEST_STEP][PASSED] - click(findTestObject("ADDING_A_NEW_EMPLOYEE/create_login_details_checkbox")): Object: 'Object Repository/ADDING_A_NEW_EMPLOYEE/create_login_details_checkbox' is clicked on

13-08-2024T15:03:17 - [MESSAGE][PASSED] - Object: 'Object Repository/ADDING_A_NEW_EMPLOYEE/create_login_details_checkbox' is clicked on

13-08-2024T15:03:17 - [TEST_STEP][PASSED] - verifyElementPresent(findTestObject("Object Repository/ADDING_A_NEW_EMPLOYEE/Add_employee_enabled_radio_button"), 10): Object 'Object Repository/ADDING_A_NEW_EMPLOYEE/Add_employee_enabled_radio_button' is present

13-08-2024T15:03:17 - [MESSAGE][PASSED] - Object 'Object Repository/ADDING_A_NEW_EMPLOYEE/Add_employee_enabled_radio_button' is present

13-08-2024T15:03:17 - [TEST_STEP][PASSED] - click(findTestObject("Object Repository/ADDING_A_NEW_EMPLOYEE/Add_employee_enabled_radio_button")): Object: 'Object Repository/ADDING_A_NEW_EMPLOYEE/Add_employee_enabled_radio_button' is clicked on

13-08-2024T15:03:17 - [MESSAGE][PASSED] - Object: 'Object Repository/ADDING_A_NEW_EMPLOYEE/Add_employee_enabled_radio_button' is clicked on

13-08-2024T15:03:17 - [TEST_STEP][PASSED] - verifyElementPresent(findTestObject("Object Repository/ADDING_A_NEW_EMPLOYEE/Add_Employee_first_name"), 10): Object 'Object Repository/ADDING_A_NEW_EMPLOYEE/Add_Employee_first_name' is present

13-08-2024T15:03:18 - [MESSAGE][PASSED] - Object 'Object Repository/ADDING_A_NEW_EMPLOYEE/Add_Employee_first_name' is present

13-08-2024T15:03:18 - [TEST_STEP][PASSED] - click(findTestObject("Object Repository/ADDING_A_NEW_EMPLOYEE/Add_Employee_first_name")): Object: 'Object Repository/ADDING_A_NEW_EMPLOYEE/Add_Employee_first_name' is clicked on

13-08-2024T15:03:18 - [MESSAGE][PASSED] - Object: 'Object Repository/ADDING_A_NEW_EMPLOYEE/Add_Employee_first_name' is clicked on

13-08-2024T15:03:18 - [TEST_STEP][PASSED] - setText(findTestObject("Object Repository/ADDING_A_NEW_EMPLOYEE/Add_Employee_first_name"), "First_name_" + RandomStringUtils.randomAlphabetic(7)): Text 'First_name_DaxoZag' is set on object 'Object Repository/ADDING_A_NEW_EMPLOYEE/Add_Employee_first_name'

13-08-2024T15:03:19 - [MESSAGE][PASSED] - Text 'First_name_DaxoZag' is set on object 'Object Repository/ADDING_A_NEW_EMPLOYEE/Add_Employee_first_name'

13-08-2024T15:03:19 - [TEST_STEP][PASSED] - verifyElementPresent(findTestObject("Object Repository/ADDING_A_NEW_EMPLOYEE/Add_employee_middle_name"), 10): Object 'Object Repository/ADDING_A_NEW_EMPLOYEE/Add_employee_middle_name' is present

13-08-2024T15:03:19 - [MESSAGE][PASSED] - Object 'Object Repository/ADDING_A_NEW_EMPLOYEE/Add_employee_middle_name' is present

13-08-2024T15:03:19 - [TEST_STEP][PASSED] - click(findTestObject("Object Repository/ADDING_A_NEW_EMPLOYEE/Add_employee_middle_name")): Object: 'Object Repository/ADDING_A_NEW_EMPLOYEE/Add_employee_middle_name' is clicked on

13-08-2024T15:03:19 - [MESSAGE][PASSED] - Object: 'Object Repository/ADDING_A_NEW_EMPLOYEE/Add_employee_middle_name' is clicked on

13-08-2024T15:03:19 - [TEST_STEP][PASSED] - setText(findTestObject("Object Repository/ADDING_A_NEW_EMPLOYEE/Add_employee_middle_name"), "Middle_name_" + RandomStringUtils.randomAlphabetic(7)): Text 'Middle_name_dXBjCDI' is set on object 'Object Repository/ADDING_A_NEW_EMPLOYEE/Add_employee_middle_name'

13-08-2024T15:03:20 - [MESSAGE][PASSED] - Text 'Middle_name_dXBjCDI' is set on object 'Object Repository/ADDING_A_NEW_EMPLOYEE/Add_employee_middle_name'

13-08-2024T15:03:20 - [TEST_STEP][PASSED] - verifyElementPresent(findTestObject("Object Repository/ADDING_A_NEW_EMPLOYEE/Add_employee_last_name"), 10): Object 'Object Repository/ADDING_A_NEW_EMPLOYEE/Add_employee_last_name' is present

13-08-2024T15:03:20 - [MESSAGE][PASSED] - Object 'Object Repository/ADDING_A_NEW_EMPLOYEE/Add_employee_last_name' is present

13-08-2024T15:03:20 - [TEST_STEP][PASSED] - click(findTestObject("Object Repository/ADDING_A_NEW_EMPLOYEE/Add_employee_last_name")): Object: 'Object Repository/ADDING_A_NEW_EMPLOYEE/Add_employee_last_name' is clicked on

13-08-2024T15:03:20 - [MESSAGE][PASSED] - Object: 'Object Repository/ADDING_A_NEW_EMPLOYEE/Add_employee_last_name' is clicked on

13-08-2024T15:03:20 - [TEST_STEP][PASSED] - setText(findTestObject("Object Repository/ADDING_A_NEW_EMPLOYEE/Add_employee_last_name"), "Last_name_" + RandomStringUtils.randomAlphabetic(7)): Text 'Last_name_GCCCmUA' is set on object 'Object Repository/ADDING_A_NEW_EMPLOYEE/Add_employee_last_name'

13-08-2024T15:03:21 - [MESSAGE][PASSED] - Text 'Last_name_GCCCmUA' is set on object 'Object Repository/ADDING_A_NEW_EMPLOYEE/Add_employee_last_name'

13-08-2024T15:03:21 - [TEST_STEP][PASSED] - randomString_001 = RandomStringUtils.randomNumeric(6): null

13-08-2024T15:03:21 - [TEST_STEP][PASSED] - newValue_001 = "333" + randomString_001: null

13-08-2024T15:03:21 - [TEST_STEP][PASSED] - xpath_for_employee_id = "//label[text()='Employee Id']/ancestor::div[@class='oxd-input-group__label-wrapper']/following-sibling::div//input[@class='oxd-input oxd-input--active']": null

13-08-2024T15:03:21 - [TEST_STEP][PASSED] - inputField_001 = TestObject().addProperty("xpath", EQUALS, xpath_for_employee_id): null

13-08-2024T15:03:21 - [TEST_STEP][PASSED] - executeJavaScript(
    var element = document.evaluate("$xpath_for_employee_id", document, null, XPathResult.FIRST_ORDERED_NODE_TYPE, null).singleNodeValue;
    if (element) {
        element.value = '$newValue_001';
        var event = new Event('input', { bubbles: true });
        element.dispatchEvent(event);
    }
    , null): Execute JavaScript '
    var element = document.evaluate("//label[text()='Employee Id']/ancestor::div[@class='oxd-input-group__label-wrapper']/following-sibling::div//input[@class='oxd-input oxd-input--active']", document, null, XPathResult.FIRST_ORDERED_NODE_TYPE, null).singleNodeValue;
    if (element) {
        element.value = '333609354';
        var event = new Event('input', { bubbles: true });
        element.dispatchEvent(event);
    }
    ' successfully

13-08-2024T15:03:21 - [MESSAGE][PASSED] - Execute JavaScript '
    var element = document.evaluate("//label[text()='Employee Id']/ancestor::div[@class='oxd-input-group__label-wrapper']/following-sibling::div//input[@class='oxd-input oxd-input--active']", document, null, XPathResult.FIRST_ORDERED_NODE_TYPE, null).singleNodeValue;
    if (element) {
        element.value = '333609354';
        var event = new Event('input', { bubbles: true });
        element.dispatchEvent(event);
    }
    ' successfully

13-08-2024T15:03:21 - [TEST_STEP][PASSED] - delay(3): Delayed 3 second(s)

13-08-2024T15:03:24 - [MESSAGE][PASSED] - Delayed 3 second(s)

13-08-2024T15:03:24 - [TEST_STEP][PASSED] - randomString_for_password = RandomStringUtils.randomNumeric(6): null

13-08-2024T15:03:24 - [TEST_STEP][PASSED] - new_Value_for_password = "Fiboo" + randomString_for_password + "@@": null

13-08-2024T15:03:24 - [TEST_STEP][PASSED] - xpath_for_password = "//label[text()='Username']/ancestor::div[@class='oxd-input-group__label-wrapper']/following-sibling::div//input[@class='oxd-input oxd-input--active']": null

13-08-2024T15:03:24 - [TEST_STEP][PASSED] - inputField_for_password = TestObject().addProperty("xpath", EQUALS, xpath_for_password): null

13-08-2024T15:03:24 - [TEST_STEP][PASSED] - executeJavaScript(
    var element = document.evaluate("$xpath_for_password", document, null, XPathResult.FIRST_ORDERED_NODE_TYPE, null).singleNodeValue;
    if (element) {
        element.value = '$new_Value_for_password';
        var event = new Event('input', { bubbles: true });
        element.dispatchEvent(event);
    }
    , null): Execute JavaScript '
    var element = document.evaluate("//label[text()='Username']/ancestor::div[@class='oxd-input-group__label-wrapper']/following-sibling::div//input[@class='oxd-input oxd-input--active']", document, null, XPathResult.FIRST_ORDERED_NODE_TYPE, null).singleNodeValue;
    if (element) {
        element.value = 'Fiboo209490@@';
        var event = new Event('input', { bubbles: true });
        element.dispatchEvent(event);
    }
    ' successfully

13-08-2024T15:03:24 - [MESSAGE][PASSED] - Execute JavaScript '
    var element = document.evaluate("//label[text()='Username']/ancestor::div[@class='oxd-input-group__label-wrapper']/following-sibling::div//input[@class='oxd-input oxd-input--active']", document, null, XPathResult.FIRST_ORDERED_NODE_TYPE, null).singleNodeValue;
    if (element) {
        element.value = 'Fiboo209490@@';
        var event = new Event('input', { bubbles: true });
        element.dispatchEvent(event);
    }
    ' successfully

13-08-2024T15:03:24 - [TEST_STEP][PASSED] - delay(1): Delayed 1 second(s)

13-08-2024T15:03:25 - [MESSAGE][PASSED] - Delayed 1 second(s)

13-08-2024T15:03:25 - [TEST_STEP][PASSED] - Password = getAttribute(findTestObject("Object Repository/ADDING_A_NEW_EMPLOYEE/Add_employee_username"), "value"): Attribute 'value' of object 'Object Repository/ADDING_A_NEW_EMPLOYEE/Add_employee_username' is: 'Fiboo209490@@'

13-08-2024T15:03:25 - [MESSAGE][PASSED] - Attribute 'value' of object 'Object Repository/ADDING_A_NEW_EMPLOYEE/Add_employee_username' is: 'Fiboo209490@@'

13-08-2024T15:03:26 - [TEST_STEP][PASSED] - out.println(Password): null

13-08-2024T15:03:26 - [TEST_STEP][PASSED] - new_Value_for_password_001 = Password: null

13-08-2024T15:03:26 - [TEST_STEP][PASSED] - xpath_for_password_001 = "//label[text()='Password']/ancestor::div[@class='oxd-input-group__label-wrapper']/following-sibling::div//input[@class='oxd-input oxd-input--active']": null

13-08-2024T15:03:26 - [TEST_STEP][PASSED] - inputField_for_password_001 = TestObject().addProperty("xpath", EQUALS, xpath_for_password_001): null

13-08-2024T15:03:26 - [TEST_STEP][PASSED] - executeJavaScript(
    var element = document.evaluate("$xpath_for_password_001", document, null, XPathResult.FIRST_ORDERED_NODE_TYPE, null).singleNodeValue;
    if (element) {
        element.value = '$new_Value_for_password_001';
        var event = new Event('input', { bubbles: true });
        element.dispatchEvent(event);
    }
    , null): Execute JavaScript '
    var element = document.evaluate("//label[text()='Password']/ancestor::div[@class='oxd-input-group__label-wrapper']/following-sibling::div//input[@class='oxd-input oxd-input--active']", document, null, XPathResult.FIRST_ORDERED_NODE_TYPE, null).singleNodeValue;
    if (element) {
        element.value = 'Fiboo209490@@';
        var event = new Event('input', { bubbles: true });
        element.dispatchEvent(event);
    }
    ' successfully

13-08-2024T15:03:26 - [MESSAGE][PASSED] - Execute JavaScript '
    var element = document.evaluate("//label[text()='Password']/ancestor::div[@class='oxd-input-group__label-wrapper']/following-sibling::div//input[@class='oxd-input oxd-input--active']", document, null, XPathResult.FIRST_ORDERED_NODE_TYPE, null).singleNodeValue;
    if (element) {
        element.value = 'Fiboo209490@@';
        var event = new Event('input', { bubbles: true });
        element.dispatchEvent(event);
    }
    ' successfully

13-08-2024T15:03:26 - [TEST_STEP][PASSED] - delay(1): Delayed 1 second(s)

13-08-2024T15:03:27 - [MESSAGE][PASSED] - Delayed 1 second(s)

13-08-2024T15:03:27 - [TEST_STEP][PASSED] - new_Value_for_password_002 = Password: null

13-08-2024T15:03:27 - [TEST_STEP][PASSED] - xpath_for_password_002 = "//label[text()='Confirm Password']/ancestor::div[@class='oxd-input-group__label-wrapper']/following-sibling::div//input[@class='oxd-input oxd-input--active']": null

13-08-2024T15:03:27 - [TEST_STEP][PASSED] - inputField_for_password_002 = TestObject().addProperty("xpath", EQUALS, xpath_for_password_002): null

13-08-2024T15:03:27 - [TEST_STEP][PASSED] - executeJavaScript(
    var element = document.evaluate("$xpath_for_password_002", document, null, XPathResult.FIRST_ORDERED_NODE_TYPE, null).singleNodeValue;
    if (element) {
        element.value = '$new_Value_for_password_002';
        var event = new Event('input', { bubbles: true });
        element.dispatchEvent(event);
    }
    , null): Execute JavaScript '
    var element = document.evaluate("//label[text()='Confirm Password']/ancestor::div[@class='oxd-input-group__label-wrapper']/following-sibling::div//input[@class='oxd-input oxd-input--active']", document, null, XPathResult.FIRST_ORDERED_NODE_TYPE, null).singleNodeValue;
    if (element) {
        element.value = 'Fiboo209490@@';
        var event = new Event('input', { bubbles: true });
        element.dispatchEvent(event);
    }
    ' successfully

13-08-2024T15:03:27 - [MESSAGE][PASSED] - Execute JavaScript '
    var element = document.evaluate("//label[text()='Confirm Password']/ancestor::div[@class='oxd-input-group__label-wrapper']/following-sibling::div//input[@class='oxd-input oxd-input--active']", document, null, XPathResult.FIRST_ORDERED_NODE_TYPE, null).singleNodeValue;
    if (element) {
        element.value = 'Fiboo209490@@';
        var event = new Event('input', { bubbles: true });
        element.dispatchEvent(event);
    }
    ' successfully

13-08-2024T15:03:27 - [TEST_STEP][PASSED] - delay(1): Delayed 1 second(s)

13-08-2024T15:03:28 - [MESSAGE][PASSED] - Delayed 1 second(s)

13-08-2024T15:03:28 - [TEST_STEP][PASSED] - randomString = RandomStringUtils.randomAlphabetic(7): null

13-08-2024T15:03:28 - [TEST_STEP][PASSED] - newValue = "User_name_" + randomString: null

13-08-2024T15:03:28 - [TEST_STEP][PASSED] - xpath_for_user_name = "//label[text()='Username']/ancestor::div[@class='oxd-input-group__label-wrapper']/following-sibling::div//input[@class='oxd-input oxd-input--active']": null

13-08-2024T15:03:28 - [TEST_STEP][PASSED] - inputField = TestObject().addProperty("xpath", EQUALS, xpath_for_user_name): null

13-08-2024T15:03:28 - [TEST_STEP][PASSED] - executeJavaScript(
    var element = document.evaluate("$xpath_for_user_name", document, null, XPathResult.FIRST_ORDERED_NODE_TYPE, null).singleNodeValue;
    if (element) {
        element.value = '$newValue';
        var event = new Event('input', { bubbles: true });
        element.dispatchEvent(event);
    }
    , null): Execute JavaScript '
    var element = document.evaluate("//label[text()='Username']/ancestor::div[@class='oxd-input-group__label-wrapper']/following-sibling::div//input[@class='oxd-input oxd-input--active']", document, null, XPathResult.FIRST_ORDERED_NODE_TYPE, null).singleNodeValue;
    if (element) {
        element.value = 'User_name_kGgionO';
        var event = new Event('input', { bubbles: true });
        element.dispatchEvent(event);
    }
    ' successfully

13-08-2024T15:03:28 - [MESSAGE][PASSED] - Execute JavaScript '
    var element = document.evaluate("//label[text()='Username']/ancestor::div[@class='oxd-input-group__label-wrapper']/following-sibling::div//input[@class='oxd-input oxd-input--active']", document, null, XPathResult.FIRST_ORDERED_NODE_TYPE, null).singleNodeValue;
    if (element) {
        element.value = 'User_name_kGgionO';
        var event = new Event('input', { bubbles: true });
        element.dispatchEvent(event);
    }
    ' successfully

13-08-2024T15:03:28 - [TEST_STEP][PASSED] - delay(1): Delayed 1 second(s)

13-08-2024T15:03:29 - [MESSAGE][PASSED] - Delayed 1 second(s)

13-08-2024T15:03:29 - [TEST_STEP][PASSED] - User_name = getAttribute(findTestObject("Object Repository/ADDING_A_NEW_EMPLOYEE/Add_employee_username"), "value"): Attribute 'value' of object 'Object Repository/ADDING_A_NEW_EMPLOYEE/Add_employee_username' is: 'User_name_kGgionO'

13-08-2024T15:03:29 - [MESSAGE][PASSED] - Attribute 'value' of object 'Object Repository/ADDING_A_NEW_EMPLOYEE/Add_employee_username' is: 'User_name_kGgionO'

13-08-2024T15:03:29 - [TEST_STEP][PASSED] - out.println(User_name): null

13-08-2024T15:03:29 - [TEST_STEP][PASSED] - out.println(Password): null

13-08-2024T15:03:29 - [TEST_STEP][PASSED] - First_name = getAttribute(findTestObject("Object Repository/ADDING_A_NEW_EMPLOYEE/Add_Employee_first_name"), "value"): Attribute 'value' of object 'Object Repository/ADDING_A_NEW_EMPLOYEE/Add_Employee_first_name' is: 'First_name_DaxoZag'

13-08-2024T15:03:29 - [MESSAGE][PASSED] - Attribute 'value' of object 'Object Repository/ADDING_A_NEW_EMPLOYEE/Add_Employee_first_name' is: 'First_name_DaxoZag'

13-08-2024T15:03:29 - [TEST_STEP][PASSED] - out.println(First_name): null

13-08-2024T15:03:29 - [TEST_STEP][PASSED] - Middle_name = getAttribute(findTestObject("Object Repository/ADDING_A_NEW_EMPLOYEE/Add_employee_middle_name"), "value"): Attribute 'value' of object 'Object Repository/ADDING_A_NEW_EMPLOYEE/Add_employee_middle_name' is: 'Middle_name_dXBjCDI'

13-08-2024T15:03:30 - [MESSAGE][PASSED] - Attribute 'value' of object 'Object Repository/ADDING_A_NEW_EMPLOYEE/Add_employee_middle_name' is: 'Middle_name_dXBjCDI'

13-08-2024T15:03:30 - [TEST_STEP][PASSED] - out.println(Middle_name): null

13-08-2024T15:03:30 - [TEST_STEP][PASSED] - Last_name = getAttribute(findTestObject("Object Repository/ADDING_A_NEW_EMPLOYEE/Add_employee_last_name"), "value"): Attribute 'value' of object 'Object Repository/ADDING_A_NEW_EMPLOYEE/Add_employee_last_name' is: 'Last_name_GCCCmUA'

13-08-2024T15:03:30 - [MESSAGE][PASSED] - Attribute 'value' of object 'Object Repository/ADDING_A_NEW_EMPLOYEE/Add_employee_last_name' is: 'Last_name_GCCCmUA'

13-08-2024T15:03:30 - [TEST_STEP][PASSED] - out.println(Last_name): null

13-08-2024T15:03:30 - [TEST_STEP][PASSED] - employee_id = getAttribute(findTestObject("Object Repository/ADDING_A_NEW_EMPLOYEE/Add_employee_id"), "value"): Attribute 'value' of object 'Object Repository/ADDING_A_NEW_EMPLOYEE/Add_employee_id' is: '333609354'

13-08-2024T15:03:30 - [MESSAGE][PASSED] - Attribute 'value' of object 'Object Repository/ADDING_A_NEW_EMPLOYEE/Add_employee_id' is: '333609354'

13-08-2024T15:03:30 - [TEST_STEP][PASSED] - out.println(employee_id): null

13-08-2024T15:03:30 - [TEST_STEP][PASSED] - delay(3): Delayed 3 second(s)

13-08-2024T15:03:33 - [MESSAGE][PASSED] - Delayed 3 second(s)

13-08-2024T15:03:33 - [TEST_STEP][PASSED] - click(findTestObject("Object Repository/ADDING_A_NEW_EMPLOYEE/Add_employee_save_button")): Object: 'Object Repository/ADDING_A_NEW_EMPLOYEE/Add_employee_save_button' is clicked on

13-08-2024T15:03:33 - [MESSAGE][PASSED] - Object: 'Object Repository/ADDING_A_NEW_EMPLOYEE/Add_employee_save_button' is clicked on

13-08-2024T15:03:33 - [TEST_STEP][PASSED] - delay(2): Delayed 2 second(s)

13-08-2024T15:03:36 - [MESSAGE][PASSED] - Delayed 2 second(s)

13-08-2024T15:03:36 - [MESSAGE][PASSED] - Call Test Case 'Test Cases/ADDING_A_NEW_EMPLOYEE' successfully

13-08-2024T15:03:36 - [TEST_STEP][PASSED] - rowIndex = sheet.getLastRowNum() + 1: null

13-08-2024T15:03:36 - [TEST_STEP][PASSED] - row = sheet.createRow(rowIndex): null

13-08-2024T15:03:36 - [TEST_STEP][PASSED] - createCell(0).setCellValue(First_name): null

13-08-2024T15:03:36 - [TEST_STEP][PASSED] - createCell(1).setCellValue(Middle_name): null

13-08-2024T15:03:36 - [TEST_STEP][PASSED] - createCell(2).setCellValue(Last_name): null

13-08-2024T15:03:36 - [TEST_STEP][PASSED] - createCell(3).setCellValue(User_name): null

13-08-2024T15:03:36 - [TEST_STEP][PASSED] - createCell(4).setCellValue(Password): null

13-08-2024T15:03:36 - [TEST_STEP][PASSED] - createCell(5).setCellValue(employee_id): null

13-08-2024T15:03:36 - [TEST_STEP][PASSED] - callTestCase(findTestCase("ADDING_A_NEW_EMPLOYEE"), [:], STOP_ON_FAILURE): Call Test Case 'Test Cases/ADDING_A_NEW_EMPLOYEE' successfully

13-08-2024T15:03:36 - [TEST_CASE][PASSED] - Test Cases/ADDING_A_NEW_EMPLOYEE: Test Cases/ADDING_A_NEW_EMPLOYEE

13-08-2024T15:03:36 - [TEST_STEP][PASSED] - verifyElementPresent(findTestObject("ADDING_A_NEW_EMPLOYEE/pim_option_from_side_bar"), 10): Object 'Object Repository/ADDING_A_NEW_EMPLOYEE/pim_option_from_side_bar' is present

13-08-2024T15:03:36 - [MESSAGE][PASSED] - Object 'Object Repository/ADDING_A_NEW_EMPLOYEE/pim_option_from_side_bar' is present

13-08-2024T15:03:36 - [TEST_STEP][PASSED] - click(findTestObject("ADDING_A_NEW_EMPLOYEE/pim_option_from_side_bar")): Object: 'Object Repository/ADDING_A_NEW_EMPLOYEE/pim_option_from_side_bar' is clicked on

13-08-2024T15:03:37 - [MESSAGE][PASSED] - Object: 'Object Repository/ADDING_A_NEW_EMPLOYEE/pim_option_from_side_bar' is clicked on

13-08-2024T15:03:37 - [TEST_STEP][PASSED] - waitForElementPresent(findTestObject("ADDING_A_NEW_EMPLOYEE/adding_new_employee_button_in_pim_page"), 10): Object 'Object Repository/ADDING_A_NEW_EMPLOYEE/adding_new_employee_button_in_pim_page' is present

13-08-2024T15:03:39 - [MESSAGE][PASSED] - Object 'Object Repository/ADDING_A_NEW_EMPLOYEE/adding_new_employee_button_in_pim_page' is present

13-08-2024T15:03:39 - [TEST_STEP][PASSED] - click(findTestObject("ADDING_A_NEW_EMPLOYEE/adding_new_employee_button_in_pim_page")): Object: 'Object Repository/ADDING_A_NEW_EMPLOYEE/adding_new_employee_button_in_pim_page' is clicked on

13-08-2024T15:03:40 - [MESSAGE][PASSED] - Object: 'Object Repository/ADDING_A_NEW_EMPLOYEE/adding_new_employee_button_in_pim_page' is clicked on

13-08-2024T15:03:40 - [TEST_STEP][PASSED] - verifyElementPresent(findTestObject("ADDING_A_NEW_EMPLOYEE/create_login_details_checkbox"), 10): Object 'Object Repository/ADDING_A_NEW_EMPLOYEE/create_login_details_checkbox' is present

13-08-2024T15:03:41 - [MESSAGE][PASSED] - Object 'Object Repository/ADDING_A_NEW_EMPLOYEE/create_login_details_checkbox' is present

13-08-2024T15:03:41 - [TEST_STEP][PASSED] - click(findTestObject("ADDING_A_NEW_EMPLOYEE/create_login_details_checkbox")): Object: 'Object Repository/ADDING_A_NEW_EMPLOYEE/create_login_details_checkbox' is clicked on

13-08-2024T15:03:41 - [MESSAGE][PASSED] - Object: 'Object Repository/ADDING_A_NEW_EMPLOYEE/create_login_details_checkbox' is clicked on

13-08-2024T15:03:41 - [TEST_STEP][PASSED] - verifyElementPresent(findTestObject("Object Repository/ADDING_A_NEW_EMPLOYEE/Add_employee_enabled_radio_button"), 10): Object 'Object Repository/ADDING_A_NEW_EMPLOYEE/Add_employee_enabled_radio_button' is present

13-08-2024T15:03:42 - [MESSAGE][PASSED] - Object 'Object Repository/ADDING_A_NEW_EMPLOYEE/Add_employee_enabled_radio_button' is present

13-08-2024T15:03:42 - [TEST_STEP][PASSED] - click(findTestObject("Object Repository/ADDING_A_NEW_EMPLOYEE/Add_employee_enabled_radio_button")): Object: 'Object Repository/ADDING_A_NEW_EMPLOYEE/Add_employee_enabled_radio_button' is clicked on

13-08-2024T15:03:42 - [MESSAGE][PASSED] - Object: 'Object Repository/ADDING_A_NEW_EMPLOYEE/Add_employee_enabled_radio_button' is clicked on

13-08-2024T15:03:42 - [TEST_STEP][PASSED] - verifyElementPresent(findTestObject("Object Repository/ADDING_A_NEW_EMPLOYEE/Add_Employee_first_name"), 10): Object 'Object Repository/ADDING_A_NEW_EMPLOYEE/Add_Employee_first_name' is present

13-08-2024T15:03:42 - [MESSAGE][PASSED] - Object 'Object Repository/ADDING_A_NEW_EMPLOYEE/Add_Employee_first_name' is present

13-08-2024T15:03:42 - [TEST_STEP][PASSED] - click(findTestObject("Object Repository/ADDING_A_NEW_EMPLOYEE/Add_Employee_first_name")): Object: 'Object Repository/ADDING_A_NEW_EMPLOYEE/Add_Employee_first_name' is clicked on

13-08-2024T15:03:43 - [MESSAGE][PASSED] - Object: 'Object Repository/ADDING_A_NEW_EMPLOYEE/Add_Employee_first_name' is clicked on

13-08-2024T15:03:43 - [TEST_STEP][PASSED] - setText(findTestObject("Object Repository/ADDING_A_NEW_EMPLOYEE/Add_Employee_first_name"), "First_name_" + RandomStringUtils.randomAlphabetic(7)): Text 'First_name_btzinap' is set on object 'Object Repository/ADDING_A_NEW_EMPLOYEE/Add_Employee_first_name'

13-08-2024T15:03:43 - [MESSAGE][PASSED] - Text 'First_name_btzinap' is set on object 'Object Repository/ADDING_A_NEW_EMPLOYEE/Add_Employee_first_name'

13-08-2024T15:03:43 - [TEST_STEP][PASSED] - verifyElementPresent(findTestObject("Object Repository/ADDING_A_NEW_EMPLOYEE/Add_employee_middle_name"), 10): Object 'Object Repository/ADDING_A_NEW_EMPLOYEE/Add_employee_middle_name' is present

13-08-2024T15:03:43 - [MESSAGE][PASSED] - Object 'Object Repository/ADDING_A_NEW_EMPLOYEE/Add_employee_middle_name' is present

13-08-2024T15:03:43 - [TEST_STEP][PASSED] - click(findTestObject("Object Repository/ADDING_A_NEW_EMPLOYEE/Add_employee_middle_name")): Object: 'Object Repository/ADDING_A_NEW_EMPLOYEE/Add_employee_middle_name' is clicked on

13-08-2024T15:03:44 - [MESSAGE][PASSED] - Object: 'Object Repository/ADDING_A_NEW_EMPLOYEE/Add_employee_middle_name' is clicked on

13-08-2024T15:03:44 - [TEST_STEP][PASSED] - setText(findTestObject("Object Repository/ADDING_A_NEW_EMPLOYEE/Add_employee_middle_name"), "Middle_name_" + RandomStringUtils.randomAlphabetic(7)): Text 'Middle_name_TtggDub' is set on object 'Object Repository/ADDING_A_NEW_EMPLOYEE/Add_employee_middle_name'

13-08-2024T15:03:44 - [MESSAGE][PASSED] - Text 'Middle_name_TtggDub' is set on object 'Object Repository/ADDING_A_NEW_EMPLOYEE/Add_employee_middle_name'

13-08-2024T15:03:44 - [TEST_STEP][PASSED] - verifyElementPresent(findTestObject("Object Repository/ADDING_A_NEW_EMPLOYEE/Add_employee_last_name"), 10): Object 'Object Repository/ADDING_A_NEW_EMPLOYEE/Add_employee_last_name' is present

13-08-2024T15:03:45 - [MESSAGE][PASSED] - Object 'Object Repository/ADDING_A_NEW_EMPLOYEE/Add_employee_last_name' is present

13-08-2024T15:03:45 - [TEST_STEP][PASSED] - click(findTestObject("Object Repository/ADDING_A_NEW_EMPLOYEE/Add_employee_last_name")): Object: 'Object Repository/ADDING_A_NEW_EMPLOYEE/Add_employee_last_name' is clicked on

13-08-2024T15:03:45 - [MESSAGE][PASSED] - Object: 'Object Repository/ADDING_A_NEW_EMPLOYEE/Add_employee_last_name' is clicked on

13-08-2024T15:03:45 - [TEST_STEP][PASSED] - setText(findTestObject("Object Repository/ADDING_A_NEW_EMPLOYEE/Add_employee_last_name"), "Last_name_" + RandomStringUtils.randomAlphabetic(7)): Text 'Last_name_ghLCpqO' is set on object 'Object Repository/ADDING_A_NEW_EMPLOYEE/Add_employee_last_name'

13-08-2024T15:03:46 - [MESSAGE][PASSED] - Text 'Last_name_ghLCpqO' is set on object 'Object Repository/ADDING_A_NEW_EMPLOYEE/Add_employee_last_name'

13-08-2024T15:03:46 - [TEST_STEP][PASSED] - randomString_001 = RandomStringUtils.randomNumeric(6): null

13-08-2024T15:03:46 - [TEST_STEP][PASSED] - newValue_001 = "333" + randomString_001: null

13-08-2024T15:03:46 - [TEST_STEP][PASSED] - xpath_for_employee_id = "//label[text()='Employee Id']/ancestor::div[@class='oxd-input-group__label-wrapper']/following-sibling::div//input[@class='oxd-input oxd-input--active']": null

13-08-2024T15:03:46 - [TEST_STEP][PASSED] - inputField_001 = TestObject().addProperty("xpath", EQUALS, xpath_for_employee_id): null

13-08-2024T15:03:46 - [TEST_STEP][PASSED] - executeJavaScript(
    var element = document.evaluate("$xpath_for_employee_id", document, null, XPathResult.FIRST_ORDERED_NODE_TYPE, null).singleNodeValue;
    if (element) {
        element.value = '$newValue_001';
        var event = new Event('input', { bubbles: true });
        element.dispatchEvent(event);
    }
    , null): Execute JavaScript '
    var element = document.evaluate("//label[text()='Employee Id']/ancestor::div[@class='oxd-input-group__label-wrapper']/following-sibling::div//input[@class='oxd-input oxd-input--active']", document, null, XPathResult.FIRST_ORDERED_NODE_TYPE, null).singleNodeValue;
    if (element) {
        element.value = '333722648';
        var event = new Event('input', { bubbles: true });
        element.dispatchEvent(event);
    }
    ' successfully

13-08-2024T15:03:46 - [MESSAGE][PASSED] - Execute JavaScript '
    var element = document.evaluate("//label[text()='Employee Id']/ancestor::div[@class='oxd-input-group__label-wrapper']/following-sibling::div//input[@class='oxd-input oxd-input--active']", document, null, XPathResult.FIRST_ORDERED_NODE_TYPE, null).singleNodeValue;
    if (element) {
        element.value = '333722648';
        var event = new Event('input', { bubbles: true });
        element.dispatchEvent(event);
    }
    ' successfully

13-08-2024T15:03:46 - [TEST_STEP][PASSED] - delay(3): Delayed 3 second(s)

13-08-2024T15:03:49 - [MESSAGE][PASSED] - Delayed 3 second(s)

13-08-2024T15:03:49 - [TEST_STEP][PASSED] - randomString_for_password = RandomStringUtils.randomNumeric(6): null

13-08-2024T15:03:49 - [TEST_STEP][PASSED] - new_Value_for_password = "Fiboo" + randomString_for_password + "@@": null

13-08-2024T15:03:49 - [TEST_STEP][PASSED] - xpath_for_password = "//label[text()='Username']/ancestor::div[@class='oxd-input-group__label-wrapper']/following-sibling::div//input[@class='oxd-input oxd-input--active']": null

13-08-2024T15:03:49 - [TEST_STEP][PASSED] - inputField_for_password = TestObject().addProperty("xpath", EQUALS, xpath_for_password): null

13-08-2024T15:03:49 - [TEST_STEP][PASSED] - executeJavaScript(
    var element = document.evaluate("$xpath_for_password", document, null, XPathResult.FIRST_ORDERED_NODE_TYPE, null).singleNodeValue;
    if (element) {
        element.value = '$new_Value_for_password';
        var event = new Event('input', { bubbles: true });
        element.dispatchEvent(event);
    }
    , null): Execute JavaScript '
    var element = document.evaluate("//label[text()='Username']/ancestor::div[@class='oxd-input-group__label-wrapper']/following-sibling::div//input[@class='oxd-input oxd-input--active']", document, null, XPathResult.FIRST_ORDERED_NODE_TYPE, null).singleNodeValue;
    if (element) {
        element.value = 'Fiboo944634@@';
        var event = new Event('input', { bubbles: true });
        element.dispatchEvent(event);
    }
    ' successfully

13-08-2024T15:03:49 - [MESSAGE][PASSED] - Execute JavaScript '
    var element = document.evaluate("//label[text()='Username']/ancestor::div[@class='oxd-input-group__label-wrapper']/following-sibling::div//input[@class='oxd-input oxd-input--active']", document, null, XPathResult.FIRST_ORDERED_NODE_TYPE, null).singleNodeValue;
    if (element) {
        element.value = 'Fiboo944634@@';
        var event = new Event('input', { bubbles: true });
        element.dispatchEvent(event);
    }
    ' successfully

13-08-2024T15:03:49 - [TEST_STEP][PASSED] - delay(1): Delayed 1 second(s)

13-08-2024T15:03:50 - [MESSAGE][PASSED] - Delayed 1 second(s)

13-08-2024T15:03:50 - [TEST_STEP][PASSED] - Password = getAttribute(findTestObject("Object Repository/ADDING_A_NEW_EMPLOYEE/Add_employee_username"), "value"): Attribute 'value' of object 'Object Repository/ADDING_A_NEW_EMPLOYEE/Add_employee_username' is: 'Fiboo944634@@'

13-08-2024T15:03:50 - [MESSAGE][PASSED] - Attribute 'value' of object 'Object Repository/ADDING_A_NEW_EMPLOYEE/Add_employee_username' is: 'Fiboo944634@@'

13-08-2024T15:03:50 - [TEST_STEP][PASSED] - out.println(Password): null

13-08-2024T15:03:50 - [TEST_STEP][PASSED] - new_Value_for_password_001 = Password: null

13-08-2024T15:03:50 - [TEST_STEP][PASSED] - xpath_for_password_001 = "//label[text()='Password']/ancestor::div[@class='oxd-input-group__label-wrapper']/following-sibling::div//input[@class='oxd-input oxd-input--active']": null

13-08-2024T15:03:50 - [TEST_STEP][PASSED] - inputField_for_password_001 = TestObject().addProperty("xpath", EQUALS, xpath_for_password_001): null

13-08-2024T15:03:50 - [TEST_STEP][PASSED] - executeJavaScript(
    var element = document.evaluate("$xpath_for_password_001", document, null, XPathResult.FIRST_ORDERED_NODE_TYPE, null).singleNodeValue;
    if (element) {
        element.value = '$new_Value_for_password_001';
        var event = new Event('input', { bubbles: true });
        element.dispatchEvent(event);
    }
    , null): Execute JavaScript '
    var element = document.evaluate("//label[text()='Password']/ancestor::div[@class='oxd-input-group__label-wrapper']/following-sibling::div//input[@class='oxd-input oxd-input--active']", document, null, XPathResult.FIRST_ORDERED_NODE_TYPE, null).singleNodeValue;
    if (element) {
        element.value = 'Fiboo944634@@';
        var event = new Event('input', { bubbles: true });
        element.dispatchEvent(event);
    }
    ' successfully

13-08-2024T15:03:50 - [MESSAGE][PASSED] - Execute JavaScript '
    var element = document.evaluate("//label[text()='Password']/ancestor::div[@class='oxd-input-group__label-wrapper']/following-sibling::div//input[@class='oxd-input oxd-input--active']", document, null, XPathResult.FIRST_ORDERED_NODE_TYPE, null).singleNodeValue;
    if (element) {
        element.value = 'Fiboo944634@@';
        var event = new Event('input', { bubbles: true });
        element.dispatchEvent(event);
    }
    ' successfully

13-08-2024T15:03:50 - [TEST_STEP][PASSED] - delay(1): Delayed 1 second(s)

13-08-2024T15:03:51 - [MESSAGE][PASSED] - Delayed 1 second(s)

13-08-2024T15:03:51 - [TEST_STEP][PASSED] - new_Value_for_password_002 = Password: null

13-08-2024T15:03:51 - [TEST_STEP][PASSED] - xpath_for_password_002 = "//label[text()='Confirm Password']/ancestor::div[@class='oxd-input-group__label-wrapper']/following-sibling::div//input[@class='oxd-input oxd-input--active']": null

13-08-2024T15:03:51 - [TEST_STEP][PASSED] - inputField_for_password_002 = TestObject().addProperty("xpath", EQUALS, xpath_for_password_002): null

13-08-2024T15:03:51 - [TEST_STEP][PASSED] - executeJavaScript(
    var element = document.evaluate("$xpath_for_password_002", document, null, XPathResult.FIRST_ORDERED_NODE_TYPE, null).singleNodeValue;
    if (element) {
        element.value = '$new_Value_for_password_002';
        var event = new Event('input', { bubbles: true });
        element.dispatchEvent(event);
    }
    , null): Execute JavaScript '
    var element = document.evaluate("//label[text()='Confirm Password']/ancestor::div[@class='oxd-input-group__label-wrapper']/following-sibling::div//input[@class='oxd-input oxd-input--active']", document, null, XPathResult.FIRST_ORDERED_NODE_TYPE, null).singleNodeValue;
    if (element) {
        element.value = 'Fiboo944634@@';
        var event = new Event('input', { bubbles: true });
        element.dispatchEvent(event);
    }
    ' successfully

13-08-2024T15:03:51 - [MESSAGE][PASSED] - Execute JavaScript '
    var element = document.evaluate("//label[text()='Confirm Password']/ancestor::div[@class='oxd-input-group__label-wrapper']/following-sibling::div//input[@class='oxd-input oxd-input--active']", document, null, XPathResult.FIRST_ORDERED_NODE_TYPE, null).singleNodeValue;
    if (element) {
        element.value = 'Fiboo944634@@';
        var event = new Event('input', { bubbles: true });
        element.dispatchEvent(event);
    }
    ' successfully

13-08-2024T15:03:51 - [TEST_STEP][PASSED] - delay(1): Delayed 1 second(s)

13-08-2024T15:03:52 - [MESSAGE][PASSED] - Delayed 1 second(s)

13-08-2024T15:03:52 - [TEST_STEP][PASSED] - randomString = RandomStringUtils.randomAlphabetic(7): null

13-08-2024T15:03:52 - [TEST_STEP][PASSED] - newValue = "User_name_" + randomString: null

13-08-2024T15:03:52 - [TEST_STEP][PASSED] - xpath_for_user_name = "//label[text()='Username']/ancestor::div[@class='oxd-input-group__label-wrapper']/following-sibling::div//input[@class='oxd-input oxd-input--active']": null

13-08-2024T15:03:52 - [TEST_STEP][PASSED] - inputField = TestObject().addProperty("xpath", EQUALS, xpath_for_user_name): null

13-08-2024T15:03:52 - [TEST_STEP][PASSED] - executeJavaScript(
    var element = document.evaluate("$xpath_for_user_name", document, null, XPathResult.FIRST_ORDERED_NODE_TYPE, null).singleNodeValue;
    if (element) {
        element.value = '$newValue';
        var event = new Event('input', { bubbles: true });
        element.dispatchEvent(event);
    }
    , null): Execute JavaScript '
    var element = document.evaluate("//label[text()='Username']/ancestor::div[@class='oxd-input-group__label-wrapper']/following-sibling::div//input[@class='oxd-input oxd-input--active']", document, null, XPathResult.FIRST_ORDERED_NODE_TYPE, null).singleNodeValue;
    if (element) {
        element.value = 'User_name_MmiBOux';
        var event = new Event('input', { bubbles: true });
        element.dispatchEvent(event);
    }
    ' successfully

13-08-2024T15:03:52 - [MESSAGE][PASSED] - Execute JavaScript '
    var element = document.evaluate("//label[text()='Username']/ancestor::div[@class='oxd-input-group__label-wrapper']/following-sibling::div//input[@class='oxd-input oxd-input--active']", document, null, XPathResult.FIRST_ORDERED_NODE_TYPE, null).singleNodeValue;
    if (element) {
        element.value = 'User_name_MmiBOux';
        var event = new Event('input', { bubbles: true });
        element.dispatchEvent(event);
    }
    ' successfully

13-08-2024T15:03:52 - [TEST_STEP][PASSED] - delay(1): Delayed 1 second(s)

13-08-2024T15:03:53 - [MESSAGE][PASSED] - Delayed 1 second(s)

13-08-2024T15:03:53 - [TEST_STEP][PASSED] - User_name = getAttribute(findTestObject("Object Repository/ADDING_A_NEW_EMPLOYEE/Add_employee_username"), "value"): Attribute 'value' of object 'Object Repository/ADDING_A_NEW_EMPLOYEE/Add_employee_username' is: 'User_name_MmiBOux'

13-08-2024T15:03:53 - [MESSAGE][PASSED] - Attribute 'value' of object 'Object Repository/ADDING_A_NEW_EMPLOYEE/Add_employee_username' is: 'User_name_MmiBOux'

13-08-2024T15:03:53 - [TEST_STEP][PASSED] - out.println(User_name): null

13-08-2024T15:03:53 - [TEST_STEP][PASSED] - out.println(Password): null

13-08-2024T15:03:53 - [TEST_STEP][PASSED] - First_name = getAttribute(findTestObject("Object Repository/ADDING_A_NEW_EMPLOYEE/Add_Employee_first_name"), "value"): Attribute 'value' of object 'Object Repository/ADDING_A_NEW_EMPLOYEE/Add_Employee_first_name' is: 'First_name_btzinap'

13-08-2024T15:03:53 - [MESSAGE][PASSED] - Attribute 'value' of object 'Object Repository/ADDING_A_NEW_EMPLOYEE/Add_Employee_first_name' is: 'First_name_btzinap'

13-08-2024T15:03:53 - [TEST_STEP][PASSED] - out.println(First_name): null

13-08-2024T15:03:53 - [TEST_STEP][PASSED] - Middle_name = getAttribute(findTestObject("Object Repository/ADDING_A_NEW_EMPLOYEE/Add_employee_middle_name"), "value"): Attribute 'value' of object 'Object Repository/ADDING_A_NEW_EMPLOYEE/Add_employee_middle_name' is: 'Middle_name_TtggDub'

13-08-2024T15:03:54 - [MESSAGE][PASSED] - Attribute 'value' of object 'Object Repository/ADDING_A_NEW_EMPLOYEE/Add_employee_middle_name' is: 'Middle_name_TtggDub'

13-08-2024T15:03:54 - [TEST_STEP][PASSED] - out.println(Middle_name): null

13-08-2024T15:03:54 - [TEST_STEP][PASSED] - Last_name = getAttribute(findTestObject("Object Repository/ADDING_A_NEW_EMPLOYEE/Add_employee_last_name"), "value"): Attribute 'value' of object 'Object Repository/ADDING_A_NEW_EMPLOYEE/Add_employee_last_name' is: 'Last_name_ghLCpqO'

13-08-2024T15:03:54 - [MESSAGE][PASSED] - Attribute 'value' of object 'Object Repository/ADDING_A_NEW_EMPLOYEE/Add_employee_last_name' is: 'Last_name_ghLCpqO'

13-08-2024T15:03:54 - [TEST_STEP][PASSED] - out.println(Last_name): null

13-08-2024T15:03:54 - [TEST_STEP][PASSED] - employee_id = getAttribute(findTestObject("Object Repository/ADDING_A_NEW_EMPLOYEE/Add_employee_id"), "value"): Attribute 'value' of object 'Object Repository/ADDING_A_NEW_EMPLOYEE/Add_employee_id' is: '333722648'

13-08-2024T15:03:54 - [MESSAGE][PASSED] - Attribute 'value' of object 'Object Repository/ADDING_A_NEW_EMPLOYEE/Add_employee_id' is: '333722648'

13-08-2024T15:03:54 - [TEST_STEP][PASSED] - out.println(employee_id): null

13-08-2024T15:03:54 - [TEST_STEP][PASSED] - delay(3): Delayed 3 second(s)

13-08-2024T15:03:57 - [MESSAGE][PASSED] - Delayed 3 second(s)

13-08-2024T15:03:57 - [TEST_STEP][PASSED] - click(findTestObject("Object Repository/ADDING_A_NEW_EMPLOYEE/Add_employee_save_button")): Object: 'Object Repository/ADDING_A_NEW_EMPLOYEE/Add_employee_save_button' is clicked on

13-08-2024T15:03:58 - [MESSAGE][PASSED] - Object: 'Object Repository/ADDING_A_NEW_EMPLOYEE/Add_employee_save_button' is clicked on

13-08-2024T15:03:58 - [TEST_STEP][PASSED] - delay(2): Delayed 2 second(s)

13-08-2024T15:04:00 - [MESSAGE][PASSED] - Delayed 2 second(s)

13-08-2024T15:04:00 - [MESSAGE][PASSED] - Call Test Case 'Test Cases/ADDING_A_NEW_EMPLOYEE' successfully

13-08-2024T15:04:00 - [TEST_STEP][PASSED] - rowIndex = sheet.getLastRowNum() + 1: null

13-08-2024T15:04:00 - [TEST_STEP][PASSED] - row = sheet.createRow(rowIndex): null

13-08-2024T15:04:00 - [TEST_STEP][PASSED] - createCell(0).setCellValue(First_name): null

13-08-2024T15:04:00 - [TEST_STEP][PASSED] - createCell(1).setCellValue(Middle_name): null

13-08-2024T15:04:00 - [TEST_STEP][PASSED] - createCell(2).setCellValue(Last_name): null

13-08-2024T15:04:00 - [TEST_STEP][PASSED] - createCell(3).setCellValue(User_name): null

13-08-2024T15:04:00 - [TEST_STEP][PASSED] - createCell(4).setCellValue(Password): null

13-08-2024T15:04:00 - [TEST_STEP][PASSED] - createCell(5).setCellValue(employee_id): null

13-08-2024T15:04:00 - [TEST_STEP][PASSED] - callTestCase(findTestCase("ADDING_A_NEW_EMPLOYEE"), [:], STOP_ON_FAILURE): Call Test Case 'Test Cases/ADDING_A_NEW_EMPLOYEE' successfully

13-08-2024T15:04:00 - [TEST_CASE][PASSED] - Test Cases/ADDING_A_NEW_EMPLOYEE: Test Cases/ADDING_A_NEW_EMPLOYEE

13-08-2024T15:04:00 - [TEST_STEP][PASSED] - verifyElementPresent(findTestObject("ADDING_A_NEW_EMPLOYEE/pim_option_from_side_bar"), 10): Object 'Object Repository/ADDING_A_NEW_EMPLOYEE/pim_option_from_side_bar' is present

13-08-2024T15:04:00 - [MESSAGE][PASSED] - Object 'Object Repository/ADDING_A_NEW_EMPLOYEE/pim_option_from_side_bar' is present

13-08-2024T15:04:00 - [TEST_STEP][PASSED] - click(findTestObject("ADDING_A_NEW_EMPLOYEE/pim_option_from_side_bar")): Object: 'Object Repository/ADDING_A_NEW_EMPLOYEE/pim_option_from_side_bar' is clicked on

13-08-2024T15:04:02 - [MESSAGE][PASSED] - Object: 'Object Repository/ADDING_A_NEW_EMPLOYEE/pim_option_from_side_bar' is clicked on

13-08-2024T15:04:02 - [TEST_STEP][PASSED] - waitForElementPresent(findTestObject("ADDING_A_NEW_EMPLOYEE/adding_new_employee_button_in_pim_page"), 10): Object 'Object Repository/ADDING_A_NEW_EMPLOYEE/adding_new_employee_button_in_pim_page' is present

13-08-2024T15:04:03 - [MESSAGE][PASSED] - Object 'Object Repository/ADDING_A_NEW_EMPLOYEE/adding_new_employee_button_in_pim_page' is present

13-08-2024T15:04:03 - [TEST_STEP][PASSED] - click(findTestObject("ADDING_A_NEW_EMPLOYEE/adding_new_employee_button_in_pim_page")): Object: 'Object Repository/ADDING_A_NEW_EMPLOYEE/adding_new_employee_button_in_pim_page' is clicked on

13-08-2024T15:04:04 - [MESSAGE][PASSED] - Object: 'Object Repository/ADDING_A_NEW_EMPLOYEE/adding_new_employee_button_in_pim_page' is clicked on

13-08-2024T15:04:04 - [TEST_STEP][PASSED] - verifyElementPresent(findTestObject("ADDING_A_NEW_EMPLOYEE/create_login_details_checkbox"), 10): Object 'Object Repository/ADDING_A_NEW_EMPLOYEE/create_login_details_checkbox' is present

13-08-2024T15:04:05 - [MESSAGE][PASSED] - Object 'Object Repository/ADDING_A_NEW_EMPLOYEE/create_login_details_checkbox' is present

13-08-2024T15:04:05 - [TEST_STEP][PASSED] - click(findTestObject("ADDING_A_NEW_EMPLOYEE/create_login_details_checkbox")): Object: 'Object Repository/ADDING_A_NEW_EMPLOYEE/create_login_details_checkbox' is clicked on

13-08-2024T15:04:06 - [MESSAGE][PASSED] - Object: 'Object Repository/ADDING_A_NEW_EMPLOYEE/create_login_details_checkbox' is clicked on

13-08-2024T15:04:06 - [TEST_STEP][PASSED] - verifyElementPresent(findTestObject("Object Repository/ADDING_A_NEW_EMPLOYEE/Add_employee_enabled_radio_button"), 10): Object 'Object Repository/ADDING_A_NEW_EMPLOYEE/Add_employee_enabled_radio_button' is present

13-08-2024T15:04:06 - [MESSAGE][PASSED] - Object 'Object Repository/ADDING_A_NEW_EMPLOYEE/Add_employee_enabled_radio_button' is present

13-08-2024T15:04:06 - [TEST_STEP][PASSED] - click(findTestObject("Object Repository/ADDING_A_NEW_EMPLOYEE/Add_employee_enabled_radio_button")): Object: 'Object Repository/ADDING_A_NEW_EMPLOYEE/Add_employee_enabled_radio_button' is clicked on

13-08-2024T15:04:07 - [MESSAGE][PASSED] - Object: 'Object Repository/ADDING_A_NEW_EMPLOYEE/Add_employee_enabled_radio_button' is clicked on

13-08-2024T15:04:07 - [TEST_STEP][PASSED] - verifyElementPresent(findTestObject("Object Repository/ADDING_A_NEW_EMPLOYEE/Add_Employee_first_name"), 10): Object 'Object Repository/ADDING_A_NEW_EMPLOYEE/Add_Employee_first_name' is present

13-08-2024T15:04:07 - [MESSAGE][PASSED] - Object 'Object Repository/ADDING_A_NEW_EMPLOYEE/Add_Employee_first_name' is present

13-08-2024T15:04:07 - [TEST_STEP][PASSED] - click(findTestObject("Object Repository/ADDING_A_NEW_EMPLOYEE/Add_Employee_first_name")): Object: 'Object Repository/ADDING_A_NEW_EMPLOYEE/Add_Employee_first_name' is clicked on

13-08-2024T15:04:07 - [MESSAGE][PASSED] - Object: 'Object Repository/ADDING_A_NEW_EMPLOYEE/Add_Employee_first_name' is clicked on

13-08-2024T15:04:07 - [TEST_STEP][PASSED] - setText(findTestObject("Object Repository/ADDING_A_NEW_EMPLOYEE/Add_Employee_first_name"), "First_name_" + RandomStringUtils.randomAlphabetic(7)): Text 'First_name_XtrIMew' is set on object 'Object Repository/ADDING_A_NEW_EMPLOYEE/Add_Employee_first_name'

13-08-2024T15:04:08 - [MESSAGE][PASSED] - Text 'First_name_XtrIMew' is set on object 'Object Repository/ADDING_A_NEW_EMPLOYEE/Add_Employee_first_name'

13-08-2024T15:04:08 - [TEST_STEP][PASSED] - verifyElementPresent(findTestObject("Object Repository/ADDING_A_NEW_EMPLOYEE/Add_employee_middle_name"), 10): Object 'Object Repository/ADDING_A_NEW_EMPLOYEE/Add_employee_middle_name' is present

13-08-2024T15:04:08 - [MESSAGE][PASSED] - Object 'Object Repository/ADDING_A_NEW_EMPLOYEE/Add_employee_middle_name' is present

13-08-2024T15:04:08 - [TEST_STEP][PASSED] - click(findTestObject("Object Repository/ADDING_A_NEW_EMPLOYEE/Add_employee_middle_name")): Object: 'Object Repository/ADDING_A_NEW_EMPLOYEE/Add_employee_middle_name' is clicked on

13-08-2024T15:04:08 - [MESSAGE][PASSED] - Object: 'Object Repository/ADDING_A_NEW_EMPLOYEE/Add_employee_middle_name' is clicked on

13-08-2024T15:04:08 - [TEST_STEP][PASSED] - setText(findTestObject("Object Repository/ADDING_A_NEW_EMPLOYEE/Add_employee_middle_name"), "Middle_name_" + RandomStringUtils.randomAlphabetic(7)): Text 'Middle_name_mDxKpmc' is set on object 'Object Repository/ADDING_A_NEW_EMPLOYEE/Add_employee_middle_name'

13-08-2024T15:04:09 - [MESSAGE][PASSED] - Text 'Middle_name_mDxKpmc' is set on object 'Object Repository/ADDING_A_NEW_EMPLOYEE/Add_employee_middle_name'

13-08-2024T15:04:09 - [TEST_STEP][PASSED] - verifyElementPresent(findTestObject("Object Repository/ADDING_A_NEW_EMPLOYEE/Add_employee_last_name"), 10): Object 'Object Repository/ADDING_A_NEW_EMPLOYEE/Add_employee_last_name' is present

13-08-2024T15:04:09 - [MESSAGE][PASSED] - Object 'Object Repository/ADDING_A_NEW_EMPLOYEE/Add_employee_last_name' is present

13-08-2024T15:04:09 - [TEST_STEP][PASSED] - click(findTestObject("Object Repository/ADDING_A_NEW_EMPLOYEE/Add_employee_last_name")): Object: 'Object Repository/ADDING_A_NEW_EMPLOYEE/Add_employee_last_name' is clicked on

13-08-2024T15:04:09 - [MESSAGE][PASSED] - Object: 'Object Repository/ADDING_A_NEW_EMPLOYEE/Add_employee_last_name' is clicked on

13-08-2024T15:04:09 - [TEST_STEP][PASSED] - setText(findTestObject("Object Repository/ADDING_A_NEW_EMPLOYEE/Add_employee_last_name"), "Last_name_" + RandomStringUtils.randomAlphabetic(7)): Text 'Last_name_IKcbQJU' is set on object 'Object Repository/ADDING_A_NEW_EMPLOYEE/Add_employee_last_name'

13-08-2024T15:04:10 - [MESSAGE][PASSED] - Text 'Last_name_IKcbQJU' is set on object 'Object Repository/ADDING_A_NEW_EMPLOYEE/Add_employee_last_name'

13-08-2024T15:04:10 - [TEST_STEP][PASSED] - randomString_001 = RandomStringUtils.randomNumeric(6): null

13-08-2024T15:04:10 - [TEST_STEP][PASSED] - newValue_001 = "333" + randomString_001: null

13-08-2024T15:04:10 - [TEST_STEP][PASSED] - xpath_for_employee_id = "//label[text()='Employee Id']/ancestor::div[@class='oxd-input-group__label-wrapper']/following-sibling::div//input[@class='oxd-input oxd-input--active']": null

13-08-2024T15:04:10 - [TEST_STEP][PASSED] - inputField_001 = TestObject().addProperty("xpath", EQUALS, xpath_for_employee_id): null

13-08-2024T15:04:10 - [TEST_STEP][PASSED] - executeJavaScript(
    var element = document.evaluate("$xpath_for_employee_id", document, null, XPathResult.FIRST_ORDERED_NODE_TYPE, null).singleNodeValue;
    if (element) {
        element.value = '$newValue_001';
        var event = new Event('input', { bubbles: true });
        element.dispatchEvent(event);
    }
    , null): Execute JavaScript '
    var element = document.evaluate("//label[text()='Employee Id']/ancestor::div[@class='oxd-input-group__label-wrapper']/following-sibling::div//input[@class='oxd-input oxd-input--active']", document, null, XPathResult.FIRST_ORDERED_NODE_TYPE, null).singleNodeValue;
    if (element) {
        element.value = '333133175';
        var event = new Event('input', { bubbles: true });
        element.dispatchEvent(event);
    }
    ' successfully

13-08-2024T15:04:10 - [MESSAGE][PASSED] - Execute JavaScript '
    var element = document.evaluate("//label[text()='Employee Id']/ancestor::div[@class='oxd-input-group__label-wrapper']/following-sibling::div//input[@class='oxd-input oxd-input--active']", document, null, XPathResult.FIRST_ORDERED_NODE_TYPE, null).singleNodeValue;
    if (element) {
        element.value = '333133175';
        var event = new Event('input', { bubbles: true });
        element.dispatchEvent(event);
    }
    ' successfully

13-08-2024T15:04:10 - [TEST_STEP][PASSED] - delay(3): Delayed 3 second(s)

13-08-2024T15:04:13 - [MESSAGE][PASSED] - Delayed 3 second(s)

13-08-2024T15:04:13 - [TEST_STEP][PASSED] - randomString_for_password = RandomStringUtils.randomNumeric(6): null

13-08-2024T15:04:13 - [TEST_STEP][PASSED] - new_Value_for_password = "Fiboo" + randomString_for_password + "@@": null

13-08-2024T15:04:13 - [TEST_STEP][PASSED] - xpath_for_password = "//label[text()='Username']/ancestor::div[@class='oxd-input-group__label-wrapper']/following-sibling::div//input[@class='oxd-input oxd-input--active']": null

13-08-2024T15:04:13 - [TEST_STEP][PASSED] - inputField_for_password = TestObject().addProperty("xpath", EQUALS, xpath_for_password): null

13-08-2024T15:04:13 - [TEST_STEP][PASSED] - executeJavaScript(
    var element = document.evaluate("$xpath_for_password", document, null, XPathResult.FIRST_ORDERED_NODE_TYPE, null).singleNodeValue;
    if (element) {
        element.value = '$new_Value_for_password';
        var event = new Event('input', { bubbles: true });
        element.dispatchEvent(event);
    }
    , null): Execute JavaScript '
    var element = document.evaluate("//label[text()='Username']/ancestor::div[@class='oxd-input-group__label-wrapper']/following-sibling::div//input[@class='oxd-input oxd-input--active']", document, null, XPathResult.FIRST_ORDERED_NODE_TYPE, null).singleNodeValue;
    if (element) {
        element.value = 'Fiboo796770@@';
        var event = new Event('input', { bubbles: true });
        element.dispatchEvent(event);
    }
    ' successfully

13-08-2024T15:04:13 - [MESSAGE][PASSED] - Execute JavaScript '
    var element = document.evaluate("//label[text()='Username']/ancestor::div[@class='oxd-input-group__label-wrapper']/following-sibling::div//input[@class='oxd-input oxd-input--active']", document, null, XPathResult.FIRST_ORDERED_NODE_TYPE, null).singleNodeValue;
    if (element) {
        element.value = 'Fiboo796770@@';
        var event = new Event('input', { bubbles: true });
        element.dispatchEvent(event);
    }
    ' successfully

13-08-2024T15:04:13 - [TEST_STEP][PASSED] - delay(1): Delayed 1 second(s)

13-08-2024T15:04:14 - [MESSAGE][PASSED] - Delayed 1 second(s)

13-08-2024T15:04:14 - [TEST_STEP][PASSED] - Password = getAttribute(findTestObject("Object Repository/ADDING_A_NEW_EMPLOYEE/Add_employee_username"), "value"): Attribute 'value' of object 'Object Repository/ADDING_A_NEW_EMPLOYEE/Add_employee_username' is: 'Fiboo796770@@'

13-08-2024T15:04:14 - [MESSAGE][PASSED] - Attribute 'value' of object 'Object Repository/ADDING_A_NEW_EMPLOYEE/Add_employee_username' is: 'Fiboo796770@@'

13-08-2024T15:04:14 - [TEST_STEP][PASSED] - out.println(Password): null

13-08-2024T15:04:14 - [TEST_STEP][PASSED] - new_Value_for_password_001 = Password: null

13-08-2024T15:04:14 - [TEST_STEP][PASSED] - xpath_for_password_001 = "//label[text()='Password']/ancestor::div[@class='oxd-input-group__label-wrapper']/following-sibling::div//input[@class='oxd-input oxd-input--active']": null

13-08-2024T15:04:14 - [TEST_STEP][PASSED] - inputField_for_password_001 = TestObject().addProperty("xpath", EQUALS, xpath_for_password_001): null

13-08-2024T15:04:14 - [TEST_STEP][PASSED] - executeJavaScript(
    var element = document.evaluate("$xpath_for_password_001", document, null, XPathResult.FIRST_ORDERED_NODE_TYPE, null).singleNodeValue;
    if (element) {
        element.value = '$new_Value_for_password_001';
        var event = new Event('input', { bubbles: true });
        element.dispatchEvent(event);
    }
    , null): Execute JavaScript '
    var element = document.evaluate("//label[text()='Password']/ancestor::div[@class='oxd-input-group__label-wrapper']/following-sibling::div//input[@class='oxd-input oxd-input--active']", document, null, XPathResult.FIRST_ORDERED_NODE_TYPE, null).singleNodeValue;
    if (element) {
        element.value = 'Fiboo796770@@';
        var event = new Event('input', { bubbles: true });
        element.dispatchEvent(event);
    }
    ' successfully

13-08-2024T15:04:14 - [MESSAGE][PASSED] - Execute JavaScript '
    var element = document.evaluate("//label[text()='Password']/ancestor::div[@class='oxd-input-group__label-wrapper']/following-sibling::div//input[@class='oxd-input oxd-input--active']", document, null, XPathResult.FIRST_ORDERED_NODE_TYPE, null).singleNodeValue;
    if (element) {
        element.value = 'Fiboo796770@@';
        var event = new Event('input', { bubbles: true });
        element.dispatchEvent(event);
    }
    ' successfully

13-08-2024T15:04:14 - [TEST_STEP][PASSED] - delay(1): Delayed 1 second(s)

13-08-2024T15:04:15 - [MESSAGE][PASSED] - Delayed 1 second(s)

13-08-2024T15:04:15 - [TEST_STEP][PASSED] - new_Value_for_password_002 = Password: null

13-08-2024T15:04:15 - [TEST_STEP][PASSED] - xpath_for_password_002 = "//label[text()='Confirm Password']/ancestor::div[@class='oxd-input-group__label-wrapper']/following-sibling::div//input[@class='oxd-input oxd-input--active']": null

13-08-2024T15:04:15 - [TEST_STEP][PASSED] - inputField_for_password_002 = TestObject().addProperty("xpath", EQUALS, xpath_for_password_002): null

13-08-2024T15:04:15 - [TEST_STEP][PASSED] - executeJavaScript(
    var element = document.evaluate("$xpath_for_password_002", document, null, XPathResult.FIRST_ORDERED_NODE_TYPE, null).singleNodeValue;
    if (element) {
        element.value = '$new_Value_for_password_002';
        var event = new Event('input', { bubbles: true });
        element.dispatchEvent(event);
    }
    , null): Execute JavaScript '
    var element = document.evaluate("//label[text()='Confirm Password']/ancestor::div[@class='oxd-input-group__label-wrapper']/following-sibling::div//input[@class='oxd-input oxd-input--active']", document, null, XPathResult.FIRST_ORDERED_NODE_TYPE, null).singleNodeValue;
    if (element) {
        element.value = 'Fiboo796770@@';
        var event = new Event('input', { bubbles: true });
        element.dispatchEvent(event);
    }
    ' successfully

13-08-2024T15:04:15 - [MESSAGE][PASSED] - Execute JavaScript '
    var element = document.evaluate("//label[text()='Confirm Password']/ancestor::div[@class='oxd-input-group__label-wrapper']/following-sibling::div//input[@class='oxd-input oxd-input--active']", document, null, XPathResult.FIRST_ORDERED_NODE_TYPE, null).singleNodeValue;
    if (element) {
        element.value = 'Fiboo796770@@';
        var event = new Event('input', { bubbles: true });
        element.dispatchEvent(event);
    }
    ' successfully

13-08-2024T15:04:15 - [TEST_STEP][PASSED] - delay(1): Delayed 1 second(s)

13-08-2024T15:04:16 - [MESSAGE][PASSED] - Delayed 1 second(s)

13-08-2024T15:04:16 - [TEST_STEP][PASSED] - randomString = RandomStringUtils.randomAlphabetic(7): null

13-08-2024T15:04:16 - [TEST_STEP][PASSED] - newValue = "User_name_" + randomString: null

13-08-2024T15:04:16 - [TEST_STEP][PASSED] - xpath_for_user_name = "//label[text()='Username']/ancestor::div[@class='oxd-input-group__label-wrapper']/following-sibling::div//input[@class='oxd-input oxd-input--active']": null

13-08-2024T15:04:16 - [TEST_STEP][PASSED] - inputField = TestObject().addProperty("xpath", EQUALS, xpath_for_user_name): null

13-08-2024T15:04:16 - [TEST_STEP][PASSED] - executeJavaScript(
    var element = document.evaluate("$xpath_for_user_name", document, null, XPathResult.FIRST_ORDERED_NODE_TYPE, null).singleNodeValue;
    if (element) {
        element.value = '$newValue';
        var event = new Event('input', { bubbles: true });
        element.dispatchEvent(event);
    }
    , null): Execute JavaScript '
    var element = document.evaluate("//label[text()='Username']/ancestor::div[@class='oxd-input-group__label-wrapper']/following-sibling::div//input[@class='oxd-input oxd-input--active']", document, null, XPathResult.FIRST_ORDERED_NODE_TYPE, null).singleNodeValue;
    if (element) {
        element.value = 'User_name_ZUSBkPQ';
        var event = new Event('input', { bubbles: true });
        element.dispatchEvent(event);
    }
    ' successfully

13-08-2024T15:04:16 - [MESSAGE][PASSED] - Execute JavaScript '
    var element = document.evaluate("//label[text()='Username']/ancestor::div[@class='oxd-input-group__label-wrapper']/following-sibling::div//input[@class='oxd-input oxd-input--active']", document, null, XPathResult.FIRST_ORDERED_NODE_TYPE, null).singleNodeValue;
    if (element) {
        element.value = 'User_name_ZUSBkPQ';
        var event = new Event('input', { bubbles: true });
        element.dispatchEvent(event);
    }
    ' successfully

13-08-2024T15:04:16 - [TEST_STEP][PASSED] - delay(1): Delayed 1 second(s)

13-08-2024T15:04:17 - [MESSAGE][PASSED] - Delayed 1 second(s)

13-08-2024T15:04:17 - [TEST_STEP][PASSED] - User_name = getAttribute(findTestObject("Object Repository/ADDING_A_NEW_EMPLOYEE/Add_employee_username"), "value"): Attribute 'value' of object 'Object Repository/ADDING_A_NEW_EMPLOYEE/Add_employee_username' is: 'User_name_ZUSBkPQ'

13-08-2024T15:04:18 - [MESSAGE][PASSED] - Attribute 'value' of object 'Object Repository/ADDING_A_NEW_EMPLOYEE/Add_employee_username' is: 'User_name_ZUSBkPQ'

13-08-2024T15:04:18 - [TEST_STEP][PASSED] - out.println(User_name): null

13-08-2024T15:04:18 - [TEST_STEP][PASSED] - out.println(Password): null

13-08-2024T15:04:18 - [TEST_STEP][PASSED] - First_name = getAttribute(findTestObject("Object Repository/ADDING_A_NEW_EMPLOYEE/Add_Employee_first_name"), "value"): Attribute 'value' of object 'Object Repository/ADDING_A_NEW_EMPLOYEE/Add_Employee_first_name' is: 'First_name_XtrIMew'

13-08-2024T15:04:18 - [MESSAGE][PASSED] - Attribute 'value' of object 'Object Repository/ADDING_A_NEW_EMPLOYEE/Add_Employee_first_name' is: 'First_name_XtrIMew'

13-08-2024T15:04:18 - [TEST_STEP][PASSED] - out.println(First_name): null

13-08-2024T15:04:18 - [TEST_STEP][PASSED] - Middle_name = getAttribute(findTestObject("Object Repository/ADDING_A_NEW_EMPLOYEE/Add_employee_middle_name"), "value"): Attribute 'value' of object 'Object Repository/ADDING_A_NEW_EMPLOYEE/Add_employee_middle_name' is: 'Middle_name_mDxKpmc'

13-08-2024T15:04:18 - [MESSAGE][PASSED] - Attribute 'value' of object 'Object Repository/ADDING_A_NEW_EMPLOYEE/Add_employee_middle_name' is: 'Middle_name_mDxKpmc'

13-08-2024T15:04:18 - [TEST_STEP][PASSED] - out.println(Middle_name): null

13-08-2024T15:04:18 - [TEST_STEP][PASSED] - Last_name = getAttribute(findTestObject("Object Repository/ADDING_A_NEW_EMPLOYEE/Add_employee_last_name"), "value"): Attribute 'value' of object 'Object Repository/ADDING_A_NEW_EMPLOYEE/Add_employee_last_name' is: 'Last_name_IKcbQJU'

13-08-2024T15:04:18 - [MESSAGE][PASSED] - Attribute 'value' of object 'Object Repository/ADDING_A_NEW_EMPLOYEE/Add_employee_last_name' is: 'Last_name_IKcbQJU'

13-08-2024T15:04:18 - [TEST_STEP][PASSED] - out.println(Last_name): null

13-08-2024T15:04:18 - [TEST_STEP][PASSED] - employee_id = getAttribute(findTestObject("Object Repository/ADDING_A_NEW_EMPLOYEE/Add_employee_id"), "value"): Attribute 'value' of object 'Object Repository/ADDING_A_NEW_EMPLOYEE/Add_employee_id' is: '333133175'

13-08-2024T15:04:19 - [MESSAGE][PASSED] - Attribute 'value' of object 'Object Repository/ADDING_A_NEW_EMPLOYEE/Add_employee_id' is: '333133175'

13-08-2024T15:04:19 - [TEST_STEP][PASSED] - out.println(employee_id): null

13-08-2024T15:04:19 - [TEST_STEP][PASSED] - delay(3): Delayed 3 second(s)

13-08-2024T15:04:22 - [MESSAGE][PASSED] - Delayed 3 second(s)

13-08-2024T15:04:22 - [TEST_STEP][PASSED] - click(findTestObject("Object Repository/ADDING_A_NEW_EMPLOYEE/Add_employee_save_button")): Object: 'Object Repository/ADDING_A_NEW_EMPLOYEE/Add_employee_save_button' is clicked on

13-08-2024T15:04:22 - [MESSAGE][PASSED] - Object: 'Object Repository/ADDING_A_NEW_EMPLOYEE/Add_employee_save_button' is clicked on

13-08-2024T15:04:22 - [TEST_STEP][PASSED] - delay(2): Delayed 2 second(s)

13-08-2024T15:04:24 - [MESSAGE][PASSED] - Delayed 2 second(s)

13-08-2024T15:04:24 - [MESSAGE][PASSED] - Call Test Case 'Test Cases/ADDING_A_NEW_EMPLOYEE' successfully

13-08-2024T15:04:24 - [TEST_STEP][PASSED] - rowIndex = sheet.getLastRowNum() + 1: null

13-08-2024T15:04:24 - [TEST_STEP][PASSED] - row = sheet.createRow(rowIndex): null

13-08-2024T15:04:24 - [TEST_STEP][PASSED] - createCell(0).setCellValue(First_name): null

13-08-2024T15:04:24 - [TEST_STEP][PASSED] - createCell(1).setCellValue(Middle_name): null

13-08-2024T15:04:24 - [TEST_STEP][PASSED] - createCell(2).setCellValue(Last_name): null

13-08-2024T15:04:24 - [TEST_STEP][PASSED] - createCell(3).setCellValue(User_name): null

13-08-2024T15:04:24 - [TEST_STEP][PASSED] - createCell(4).setCellValue(Password): null

13-08-2024T15:04:24 - [TEST_STEP][PASSED] - createCell(5).setCellValue(employee_id): null

13-08-2024T15:04:24 - [TEST_STEP][PASSED] - callTestCase(findTestCase("ADDING_A_NEW_EMPLOYEE"), [:], STOP_ON_FAILURE): Call Test Case 'Test Cases/ADDING_A_NEW_EMPLOYEE' successfully

13-08-2024T15:04:24 - [TEST_CASE][PASSED] - Test Cases/ADDING_A_NEW_EMPLOYEE: Test Cases/ADDING_A_NEW_EMPLOYEE

13-08-2024T15:04:24 - [TEST_STEP][PASSED] - verifyElementPresent(findTestObject("ADDING_A_NEW_EMPLOYEE/pim_option_from_side_bar"), 10): Object 'Object Repository/ADDING_A_NEW_EMPLOYEE/pim_option_from_side_bar' is present

13-08-2024T15:04:25 - [MESSAGE][PASSED] - Object 'Object Repository/ADDING_A_NEW_EMPLOYEE/pim_option_from_side_bar' is present

13-08-2024T15:04:25 - [TEST_STEP][PASSED] - click(findTestObject("ADDING_A_NEW_EMPLOYEE/pim_option_from_side_bar")): Object: 'Object Repository/ADDING_A_NEW_EMPLOYEE/pim_option_from_side_bar' is clicked on

13-08-2024T15:04:26 - [MESSAGE][PASSED] - Object: 'Object Repository/ADDING_A_NEW_EMPLOYEE/pim_option_from_side_bar' is clicked on

13-08-2024T15:04:26 - [TEST_STEP][PASSED] - waitForElementPresent(findTestObject("ADDING_A_NEW_EMPLOYEE/adding_new_employee_button_in_pim_page"), 10): Object 'Object Repository/ADDING_A_NEW_EMPLOYEE/adding_new_employee_button_in_pim_page' is present

13-08-2024T15:04:27 - [MESSAGE][PASSED] - Object 'Object Repository/ADDING_A_NEW_EMPLOYEE/adding_new_employee_button_in_pim_page' is present

13-08-2024T15:04:27 - [TEST_STEP][PASSED] - click(findTestObject("ADDING_A_NEW_EMPLOYEE/adding_new_employee_button_in_pim_page")): Object: 'Object Repository/ADDING_A_NEW_EMPLOYEE/adding_new_employee_button_in_pim_page' is clicked on

13-08-2024T15:04:28 - [MESSAGE][PASSED] - Object: 'Object Repository/ADDING_A_NEW_EMPLOYEE/adding_new_employee_button_in_pim_page' is clicked on

13-08-2024T15:04:28 - [TEST_STEP][PASSED] - verifyElementPresent(findTestObject("ADDING_A_NEW_EMPLOYEE/create_login_details_checkbox"), 10): Object 'Object Repository/ADDING_A_NEW_EMPLOYEE/create_login_details_checkbox' is present

13-08-2024T15:04:30 - [MESSAGE][PASSED] - Object 'Object Repository/ADDING_A_NEW_EMPLOYEE/create_login_details_checkbox' is present

13-08-2024T15:04:30 - [TEST_STEP][PASSED] - click(findTestObject("ADDING_A_NEW_EMPLOYEE/create_login_details_checkbox")): Object: 'Object Repository/ADDING_A_NEW_EMPLOYEE/create_login_details_checkbox' is clicked on

13-08-2024T15:04:30 - [MESSAGE][PASSED] - Object: 'Object Repository/ADDING_A_NEW_EMPLOYEE/create_login_details_checkbox' is clicked on

13-08-2024T15:04:30 - [TEST_STEP][PASSED] - verifyElementPresent(findTestObject("Object Repository/ADDING_A_NEW_EMPLOYEE/Add_employee_enabled_radio_button"), 10): Object 'Object Repository/ADDING_A_NEW_EMPLOYEE/Add_employee_enabled_radio_button' is present

13-08-2024T15:04:31 - [MESSAGE][PASSED] - Object 'Object Repository/ADDING_A_NEW_EMPLOYEE/Add_employee_enabled_radio_button' is present

13-08-2024T15:04:31 - [TEST_STEP][PASSED] - click(findTestObject("Object Repository/ADDING_A_NEW_EMPLOYEE/Add_employee_enabled_radio_button")): Object: 'Object Repository/ADDING_A_NEW_EMPLOYEE/Add_employee_enabled_radio_button' is clicked on

13-08-2024T15:04:31 - [MESSAGE][PASSED] - Object: 'Object Repository/ADDING_A_NEW_EMPLOYEE/Add_employee_enabled_radio_button' is clicked on

13-08-2024T15:04:31 - [TEST_STEP][PASSED] - verifyElementPresent(findTestObject("Object Repository/ADDING_A_NEW_EMPLOYEE/Add_Employee_first_name"), 10): Object 'Object Repository/ADDING_A_NEW_EMPLOYEE/Add_Employee_first_name' is present

13-08-2024T15:04:31 - [MESSAGE][PASSED] - Object 'Object Repository/ADDING_A_NEW_EMPLOYEE/Add_Employee_first_name' is present

13-08-2024T15:04:31 - [TEST_STEP][PASSED] - click(findTestObject("Object Repository/ADDING_A_NEW_EMPLOYEE/Add_Employee_first_name")): Object: 'Object Repository/ADDING_A_NEW_EMPLOYEE/Add_Employee_first_name' is clicked on

13-08-2024T15:04:31 - [MESSAGE][PASSED] - Object: 'Object Repository/ADDING_A_NEW_EMPLOYEE/Add_Employee_first_name' is clicked on

13-08-2024T15:04:31 - [TEST_STEP][PASSED] - setText(findTestObject("Object Repository/ADDING_A_NEW_EMPLOYEE/Add_Employee_first_name"), "First_name_" + RandomStringUtils.randomAlphabetic(7)): Text 'First_name_lwiqsgB' is set on object 'Object Repository/ADDING_A_NEW_EMPLOYEE/Add_Employee_first_name'

13-08-2024T15:04:32 - [MESSAGE][PASSED] - Text 'First_name_lwiqsgB' is set on object 'Object Repository/ADDING_A_NEW_EMPLOYEE/Add_Employee_first_name'

13-08-2024T15:04:32 - [TEST_STEP][PASSED] - verifyElementPresent(findTestObject("Object Repository/ADDING_A_NEW_EMPLOYEE/Add_employee_middle_name"), 10): Object 'Object Repository/ADDING_A_NEW_EMPLOYEE/Add_employee_middle_name' is present

13-08-2024T15:04:32 - [MESSAGE][PASSED] - Object 'Object Repository/ADDING_A_NEW_EMPLOYEE/Add_employee_middle_name' is present

13-08-2024T15:04:32 - [TEST_STEP][PASSED] - click(findTestObject("Object Repository/ADDING_A_NEW_EMPLOYEE/Add_employee_middle_name")): Object: 'Object Repository/ADDING_A_NEW_EMPLOYEE/Add_employee_middle_name' is clicked on

13-08-2024T15:04:33 - [MESSAGE][PASSED] - Object: 'Object Repository/ADDING_A_NEW_EMPLOYEE/Add_employee_middle_name' is clicked on

13-08-2024T15:04:33 - [TEST_STEP][PASSED] - setText(findTestObject("Object Repository/ADDING_A_NEW_EMPLOYEE/Add_employee_middle_name"), "Middle_name_" + RandomStringUtils.randomAlphabetic(7)): Text 'Middle_name_hEjoLcJ' is set on object 'Object Repository/ADDING_A_NEW_EMPLOYEE/Add_employee_middle_name'

[...]

13-08-2024T15:25:19 - [MESSAGE][PASSED] - Object: 'Object Repository/LOGIN_TEST_CASE_FOR_ORANGE_HRM/password_text_box_for_login_page' is clicked on

13-08-2024T15:25:19 - [TEST_STEP][PASSED] - setText(findTestObject("Object Repository/LOGIN_TEST_CASE_FOR_ORANGE_HRM/password_text_box_for_login_page"), Password): Text 'Fiboo576230@@' is set on object 'Object Repository/LOGIN_TEST_CASE_FOR_ORANGE_HRM/password_text_box_for_login_page'

13-08-2024T15:25:20 - [MESSAGE][PASSED] - Text 'Fiboo576230@@' is set on object 'Object Repository/LOGIN_TEST_CASE_FOR_ORANGE_HRM/password_text_box_for_login_page'

13-08-2024T15:25:20 - [TEST_STEP][PASSED] - verifyElementPresent(findTestObject("Object Repository/LOGIN_TEST_CASE_FOR_ORANGE_HRM/login_button_for_login_page"), 10): Object 'Object Repository/LOGIN_TEST_CASE_FOR_ORANGE_HRM/login_button_for_login_page' is present

13-08-2024T15:25:20 - [MESSAGE][PASSED] - Object 'Object Repository/LOGIN_TEST_CASE_FOR_ORANGE_HRM/login_button_for_login_page' is present

13-08-2024T15:25:20 - [TEST_STEP][PASSED] - click(findTestObject("Object Repository/LOGIN_TEST_CASE_FOR_ORANGE_HRM/login_button_for_login_page")): Object: 'Object Repository/LOGIN_TEST_CASE_FOR_ORANGE_HRM/login_button_for_login_page' is clicked on

13-08-2024T15:25:20 - [MESSAGE][PASSED] - Object: 'Object Repository/LOGIN_TEST_CASE_FOR_ORANGE_HRM/login_button_for_login_page' is clicked on

13-08-2024T15:25:20 - [MESSAGE][PASSED] - Call Test Case 'Test Cases/test_case_for_new_login_creds_excel_sheet' successfully

13-08-2024T15:25:20 - [TEST_STEP][PASSED] - callTestCase(findTestCase("test_case_to_verify_data"), [:], STOP_ON_FAILURE): Call Test Case 'Test Cases/test_case_to_verify_data' successfully

13-08-2024T15:25:20 - [TEST_CASE][PASSED] - Test Cases/test_case_to_verify_data: Test Cases/test_case_to_verify_data

13-08-2024T15:25:20 - [TEST_STEP][PASSED] - delay(3): Delayed 3 second(s)

13-08-2024T15:25:23 - [MESSAGE][PASSED] - Delayed 3 second(s)

13-08-2024T15:25:23 - [TEST_STEP][PASSED] - click(findTestObject("to_verify_data/myinfo_option_from_side_bar")): Object: 'Object Repository/to_verify_data/myinfo_option_from_side_bar' is clicked on

13-08-2024T15:25:25 - [MESSAGE][PASSED] - Object: 'Object Repository/to_verify_data/myinfo_option_from_side_bar' is clicked on

13-08-2024T15:25:25 - [TEST_STEP][PASSED] - First_name = getAttribute(findTestObject("Object Repository/to_verify_data/first_name_text_box"), "value"): Attribute 'value' of object 'Object Repository/to_verify_data/first_name_text_box' is: 'First_name_TeNYEdz'

13-08-2024T15:25:27 - [MESSAGE][PASSED] - Attribute 'value' of object 'Object Repository/to_verify_data/first_name_text_box' is: 'First_name_TeNYEdz'

13-08-2024T15:25:27 - [TEST_STEP][PASSED] - out.println(First_name): null

13-08-2024T15:25:27 - [TEST_STEP][PASSED] - Middle_name = getAttribute(findTestObject("Object Repository/to_verify_data/middle_name_text_box"), "value"): Attribute 'value' of object 'Object Repository/to_verify_data/middle_name_text_box' is: 'Middle_name_tefkNgv'

13-08-2024T15:25:28 - [MESSAGE][PASSED] - Attribute 'value' of object 'Object Repository/to_verify_data/middle_name_text_box' is: 'Middle_name_tefkNgv'

13-08-2024T15:25:28 - [TEST_STEP][PASSED] - out.println(Middle_name): null

13-08-2024T15:25:28 - [TEST_STEP][PASSED] - Last_name = getAttribute(findTestObject("Object Repository/to_verify_data/last_name_text_box"), "value"): Attribute 'value' of object 'Object Repository/to_verify_data/last_name_text_box' is: 'Last_name_TRLFxnQ'

13-08-2024T15:25:28 - [MESSAGE][PASSED] - Attribute 'value' of object 'Object Repository/to_verify_data/last_name_text_box' is: 'Last_name_TRLFxnQ'

13-08-2024T15:25:28 - [TEST_STEP][PASSED] - out.println(Last_name): null

13-08-2024T15:25:28 - [TEST_STEP][PASSED] - employee_id = getAttribute(findTestObject("Object Repository/to_verify_data/employee_id"), "value"): Attribute 'value' of object 'Object Repository/to_verify_data/employee_id' is: '333886809'

13-08-2024T15:25:28 - [MESSAGE][PASSED] - Attribute 'value' of object 'Object Repository/to_verify_data/employee_id' is: '333886809'

13-08-2024T15:25:28 - [TEST_STEP][PASSED] - out.println(employee_id): null

13-08-2024T15:25:28 - [TEST_STEP][PASSED] - if (First_name == First_name): first name is same

13-08-2024T15:25:28 - [TEST_STEP][PASSED] - markPassed("first name is same"): first name is same

13-08-2024T15:25:28 - [MESSAGE][PASSED] - first name is same

13-08-2024T15:25:28 - [TEST_STEP][PASSED] - if (Middle_name == Middle_name): middle name is same

13-08-2024T15:25:28 - [TEST_STEP][PASSED] - markPassed("middle name is same"): middle name is same

13-08-2024T15:25:28 - [MESSAGE][PASSED] - middle name is same

13-08-2024T15:25:28 - [TEST_STEP][PASSED] - if (Last_name == Last_name): last name is same

13-08-2024T15:25:28 - [TEST_STEP][PASSED] - markPassed("last name is same"): last name is same

13-08-2024T15:25:28 - [MESSAGE][PASSED] - last name is same

13-08-2024T15:25:28 - [TEST_STEP][PASSED] - if (employee_id == employee_id): employee id is same

13-08-2024T15:25:28 - [TEST_STEP][PASSED] - markPassed("employee id is same"): employee id is same

13-08-2024T15:25:28 - [MESSAGE][PASSED] - employee id is same

13-08-2024T15:25:28 - [MESSAGE][PASSED] - Call Test Case 'Test Cases/test_case_to_verify_data' successfully

13-08-2024T15:25:28 - [TEST_STEP][PASSED] - callTestCase(findTestCase("logout_testcase"), [:], STOP_ON_FAILURE): Call Test Case 'Test Cases/logout_testcase' successfully

13-08-2024T15:25:28 - [TEST_CASE][PASSED] - Test Cases/logout_testcase: Test Cases/logout_testcase

13-08-2024T15:25:28 - [TEST_STEP][PASSED] - delay(3): Delayed 3 second(s)

13-08-2024T15:25:31 - [MESSAGE][PASSED] - Delayed 3 second(s)

13-08-2024T15:25:31 - [TEST_STEP][PASSED] - verifyElementPresent(findTestObject("logout_and_login_after_new_employee_added/userdropdown_for_logout_option"), 10): Object 'Object Repository/logout_and_login_after_new_employee_added/userdropdown_for_logout_option' is present

13-08-2024T15:25:31 - [MESSAGE][PASSED] - Object 'Object Repository/logout_and_login_after_new_employee_added/userdropdown_for_logout_option' is present

13-08-2024T15:25:31 - [TEST_STEP][PASSED] - delay(3): Delayed 3 second(s)

13-08-2024T15:25:34 - [MESSAGE][PASSED] - Delayed 3 second(s)

13-08-2024T15:25:34 - [TEST_STEP][PASSED] - click(findTestObject("logout_and_login_after_new_employee_added/userdropdown_for_logout_option")): Object: 'Object Repository/logout_and_login_after_new_employee_added/userdropdown_for_logout_option' is clicked on

13-08-2024T15:25:35 - [MESSAGE][PASSED] - Object: 'Object Repository/logout_and_login_after_new_employee_added/userdropdown_for_logout_option' is clicked on

13-08-2024T15:25:35 - [TEST_STEP][PASSED] - delay(3): Delayed 3 second(s)

13-08-2024T15:25:38 - [MESSAGE][PASSED] - Delayed 3 second(s)

13-08-2024T15:25:38 - [TEST_STEP][PASSED] - click(findTestObject("logout_and_login_after_new_employee_added/logout_option")): Object: 'Object Repository/logout_and_login_after_new_employee_added/logout_option' is clicked on

13-08-2024T15:25:39 - [MESSAGE][PASSED] - Object: 'Object Repository/logout_and_login_after_new_employee_added/logout_option' is clicked on

13-08-2024T15:25:39 - [TEST_STEP][PASSED] - delay(3): Delayed 3 second(s)

13-08-2024T15:25:42 - [MESSAGE][PASSED] - Delayed 3 second(s)

13-08-2024T15:25:42 - [MESSAGE][PASSED] - Call Test Case 'Test Cases/logout_testcase' successfully

13-08-2024T15:25:42 - [TEST_STEP][PASSED] - delay(3): Delayed 3 second(s)

13-08-2024T15:25:45 - [MESSAGE][PASSED] - Delayed 3 second(s)

13-08-2024T15:25:45 - [TEST_STEP][PASSED] - row = sheet.getRow(i): null

13-08-2024T15:25:45 - [TEST_STEP][PASSED] - firstName = getCell(0).getStringCellValue(): null

13-08-2024T15:25:45 - [TEST_STEP][PASSED] - Middlename = getCell(1).getStringCellValue(): null

13-08-2024T15:25:45 - [TEST_STEP][PASSED] - lastName = getCell(2).getStringCellValue(): null

13-08-2024T15:25:45 - [TEST_STEP][PASSED] - username = getCell(3).getStringCellValue(): null

13-08-2024T15:25:45 - [TEST_STEP][PASSED] - password = getCell(4).getStringCellValue(): null

13-08-2024T15:25:45 - [TEST_STEP][PASSED] - Employee_id = getCell(5).getStringCellValue(): null

13-08-2024T15:25:45 - [TEST_STEP][PASSED] - println("Logging in with Username: " + username + " and Password: " + password): null

13-08-2024T15:25:45 - [TEST_STEP][PASSED] - User_name = username: null

13-08-2024T15:25:45 - [TEST_STEP][PASSED] - Password = password: null

13-08-2024T15:25:45 - [TEST_STEP][PASSED] - First_name = firstName: null

13-08-2024T15:25:45 - [TEST_STEP][PASSED] - Last_name = lastName: null

13-08-2024T15:25:45 - [TEST_STEP][PASSED] - Middle_name = Middlename: null

13-08-2024T15:25:45 - [TEST_STEP][PASSED] - employee_id = Employee_id: null

13-08-2024T15:25:45 - [TEST_STEP][PASSED] - callTestCase(findTestCase("test_case_for_new_login_creds_excel_sheet"), [:], STOP_ON_FAILURE): Call Test Case 'Test Cases/test_case_for_new_login_creds_excel_sheet' successfully

13-08-2024T15:25:45 - [TEST_CASE][PASSED] - Test Cases/test_case_for_new_login_creds_excel_sheet: Test Cases/test_case_for_new_login_creds_excel_sheet

13-08-2024T15:25:45 - [TEST_STEP][PASSED] - refresh(): Refresh successfully

13-08-2024T15:25:46 - [MESSAGE][PASSED] - Refresh successfully

13-08-2024T15:25:46 - [TEST_STEP][PASSED] - delay(3): Delayed 3 second(s)

13-08-2024T15:25:49 - [MESSAGE][PASSED] - Delayed 3 second(s)

13-08-2024T15:25:49 - [TEST_STEP][PASSED] - verifyElementPresent(findTestObject("Object Repository/LOGIN_TEST_CASE_FOR_ORANGE_HRM/username_text_box_login_page"), 10): Object 'Object Repository/LOGIN_TEST_CASE_FOR_ORANGE_HRM/username_text_box_login_page' is present

13-08-2024T15:25:49 - [MESSAGE][PASSED] - Object 'Object Repository/LOGIN_TEST_CASE_FOR_ORANGE_HRM/username_text_box_login_page' is present

13-08-2024T15:25:49 - [TEST_STEP][PASSED] - click(findTestObject("Object Repository/LOGIN_TEST_CASE_FOR_ORANGE_HRM/username_text_box_login_page")): Object: 'Object Repository/LOGIN_TEST_CASE_FOR_ORANGE_HRM/username_text_box_login_page' is clicked on

13-08-2024T15:25:49 - [MESSAGE][PASSED] - Object: 'Object Repository/LOGIN_TEST_CASE_FOR_ORANGE_HRM/username_text_box_login_page' is clicked on

13-08-2024T15:25:49 - [TEST_STEP][PASSED] - setText(findTestObject("Object Repository/LOGIN_TEST_CASE_FOR_ORANGE_HRM/username_text_box_login_page"), User_name): Text 'User_name_WEbbqTB' is set on object 'Object Repository/LOGIN_TEST_CASE_FOR_ORANGE_HRM/username_text_box_login_page'

13-08-2024T15:25:50 - [MESSAGE][PASSED] - Text 'User_name_WEbbqTB' is set on object 'Object Repository/LOGIN_TEST_CASE_FOR_ORANGE_HRM/username_text_box_login_page'

13-08-2024T15:25:50 - [TEST_STEP][PASSED] - verifyElementPresent(findTestObject("Object Repository/LOGIN_TEST_CASE_FOR_ORANGE_HRM/password_text_box_for_login_page"), 10): Object 'Object Repository/LOGIN_TEST_CASE_FOR_ORANGE_HRM/password_text_box_for_login_page' is present

13-08-2024T15:25:50 - [MESSAGE][PASSED] - Object 'Object Repository/LOGIN_TEST_CASE_FOR_ORANGE_HRM/password_text_box_for_login_page' is present

13-08-2024T15:25:50 - [TEST_STEP][PASSED] - click(findTestObject("Object Repository/LOGIN_TEST_CASE_FOR_ORANGE_HRM/password_text_box_for_login_page")): Object: 'Object Repository/LOGIN_TEST_CASE_FOR_ORANGE_HRM/password_text_box_for_login_page' is clicked on

13-08-2024T15:25:50 - [MESSAGE][PASSED] - Object: 'Object Repository/LOGIN_TEST_CASE_FOR_ORANGE_HRM/password_text_box_for_login_page' is clicked on

13-08-2024T15:25:50 - [TEST_STEP][PASSED] - setText(findTestObject("Object Repository/LOGIN_TEST_CASE_FOR_ORANGE_HRM/password_text_box_for_login_page"), Password): Text 'Fiboo545380@@' is set on object 'Object Repository/LOGIN_TEST_CASE_FOR_ORANGE_HRM/password_text_box_for_login_page'

13-08-2024T15:25:51 - [MESSAGE][PASSED] - Text 'Fiboo545380@@' is set on object 'Object Repository/LOGIN_TEST_CASE_FOR_ORANGE_HRM/password_text_box_for_login_page'

13-08-2024T15:25:51 - [TEST_STEP][PASSED] - verifyElementPresent(findTestObject("Object Repository/LOGIN_TEST_CASE_FOR_ORANGE_HRM/login_button_for_login_page"), 10): Object 'Object Repository/LOGIN_TEST_CASE_FOR_ORANGE_HRM/login_button_for_login_page' is present

13-08-2024T15:25:51 - [MESSAGE][PASSED] - Object 'Object Repository/LOGIN_TEST_CASE_FOR_ORANGE_HRM/login_button_for_login_page' is present

13-08-2024T15:25:51 - [TEST_STEP][PASSED] - click(findTestObject("Object Repository/LOGIN_TEST_CASE_FOR_ORANGE_HRM/login_button_for_login_page")): Object: 'Object Repository/LOGIN_TEST_CASE_FOR_ORANGE_HRM/login_button_for_login_page' is clicked on

13-08-2024T15:25:51 - [MESSAGE][PASSED] - Object: 'Object Repository/LOGIN_TEST_CASE_FOR_ORANGE_HRM/login_button_for_login_page' is clicked on

13-08-2024T15:25:51 - [MESSAGE][PASSED] - Call Test Case 'Test Cases/test_case_for_new_login_creds_excel_sheet' successfully

13-08-2024T15:25:51 - [TEST_STEP][PASSED] - callTestCase(findTestCase("test_case_to_verify_data"), [:], STOP_ON_FAILURE): Call Test Case 'Test Cases/test_case_to_verify_data' successfully

13-08-2024T15:25:51 - [TEST_CASE][PASSED] - Test Cases/test_case_to_verify_data: Test Cases/test_case_to_verify_data

13-08-2024T15:25:51 - [TEST_STEP][PASSED] - delay(3): Delayed 3 second(s)

13-08-2024T15:25:54 - [MESSAGE][PASSED] - Delayed 3 second(s)

13-08-2024T15:25:54 - [TEST_STEP][PASSED] - click(findTestObject("to_verify_data/myinfo_option_from_side_bar")): Object: 'Object Repository/to_verify_data/myinfo_option_from_side_bar' is clicked on

13-08-2024T15:25:56 - [MESSAGE][PASSED] - Object: 'Object Repository/to_verify_data/myinfo_option_from_side_bar' is clicked on

13-08-2024T15:25:56 - [TEST_STEP][PASSED] - First_name = getAttribute(findTestObject("Object Repository/to_verify_data/first_name_text_box"), "value"): Attribute 'value' of object 'Object Repository/to_verify_data/first_name_text_box' is: 'First_name_olMrAJa'

13-08-2024T15:25:58 - [MESSAGE][PASSED] - Attribute 'value' of object 'Object Repository/to_verify_data/first_name_text_box' is: 'First_name_olMrAJa'

13-08-2024T15:25:58 - [TEST_STEP][PASSED] - out.println(First_name): null

13-08-2024T15:25:58 - [TEST_STEP][PASSED] - Middle_name = getAttribute(findTestObject("Object Repository/to_verify_data/middle_name_text_box"), "value"): Attribute 'value' of object 'Object Repository/to_verify_data/middle_name_text_box' is: 'Middle_name_dSFwcpE'

13-08-2024T15:25:59 - [MESSAGE][PASSED] - Attribute 'value' of object 'Object Repository/to_verify_data/middle_name_text_box' is: 'Middle_name_dSFwcpE'

13-08-2024T15:25:59 - [TEST_STEP][PASSED] - out.println(Middle_name): null

13-08-2024T15:25:59 - [TEST_STEP][PASSED] - Last_name = getAttribute(findTestObject("Object Repository/to_verify_data/last_name_text_box"), "value"): Attribute 'value' of object 'Object Repository/to_verify_data/last_name_text_box' is: 'Last_name_RpuWGpQ'

13-08-2024T15:25:59 - [MESSAGE][PASSED] - Attribute 'value' of object 'Object Repository/to_verify_data/last_name_text_box' is: 'Last_name_RpuWGpQ'

13-08-2024T15:25:59 - [TEST_STEP][PASSED] - out.println(Last_name): null

13-08-2024T15:25:59 - [TEST_STEP][PASSED] - employee_id = getAttribute(findTestObject("Object Repository/to_verify_data/employee_id"), "value"): Attribute 'value' of object 'Object Repository/to_verify_data/employee_id' is: '333617129'

13-08-2024T15:25:59 - [MESSAGE][PASSED] - Attribute 'value' of object 'Object Repository/to_verify_data/employee_id' is: '333617129'

13-08-2024T15:25:59 - [TEST_STEP][PASSED] - out.println(employee_id): null

13-08-2024T15:25:59 - [TEST_STEP][PASSED] - if (First_name == First_name): first name is same

13-08-2024T15:25:59 - [TEST_STEP][PASSED] - markPassed("first name is same"): first name is same

13-08-2024T15:25:59 - [MESSAGE][PASSED] - first name is same

13-08-2024T15:25:59 - [TEST_STEP][PASSED] - if (Middle_name == Middle_name): middle name is same

13-08-2024T15:25:59 - [TEST_STEP][PASSED] - markPassed("middle name is same"): middle name is same

13-08-2024T15:25:59 - [MESSAGE][PASSED] - middle name is same

13-08-2024T15:25:59 - [TEST_STEP][PASSED] - if (Last_name == Last_name): last name is same

13-08-2024T15:25:59 - [TEST_STEP][PASSED] - markPassed("last name is same"): last name is same

13-08-2024T15:25:59 - [MESSAGE][PASSED] - last name is same

13-08-2024T15:25:59 - [TEST_STEP][PASSED] - if (employee_id == employee_id): employee id is same

13-08-2024T15:25:59 - [TEST_STEP][PASSED] - markPassed("employee id is same"): employee id is same

13-08-2024T15:25:59 - [MESSAGE][PASSED] - employee id is same

13-08-2024T15:25:59 - [MESSAGE][PASSED] - Call Test Case 'Test Cases/test_case_to_verify_data' successfully

13-08-2024T15:25:59 - [TEST_STEP][PASSED] - callTestCase(findTestCase("logout_testcase"), [:], STOP_ON_FAILURE): Call Test Case 'Test Cases/logout_testcase' successfully

13-08-2024T15:25:59 - [TEST_CASE][PASSED] - Test Cases/logout_testcase: Test Cases/logout_testcase

13-08-2024T15:25:59 - [TEST_STEP][PASSED] - delay(3): Delayed 3 second(s)

13-08-2024T15:26:02 - [MESSAGE][PASSED] - Delayed 3 second(s)

13-08-2024T15:26:02 - [TEST_STEP][PASSED] - verifyElementPresent(findTestObject("logout_and_login_after_new_employee_added/userdropdown_for_logout_option"), 10): Object 'Object Repository/logout_and_login_after_new_employee_added/userdropdown_for_logout_option' is present

13-08-2024T15:26:03 - [MESSAGE][PASSED] - Object 'Object Repository/logout_and_login_after_new_employee_added/userdropdown_for_logout_option' is present

13-08-2024T15:26:03 - [TEST_STEP][PASSED] - delay(3): Delayed 3 second(s)

13-08-2024T15:26:06 - [MESSAGE][PASSED] - Delayed 3 second(s)

13-08-2024T15:26:06 - [TEST_STEP][PASSED] - click(findTestObject("logout_and_login_after_new_employee_added/userdropdown_for_logout_option")): Object: 'Object Repository/logout_and_login_after_new_employee_added/userdropdown_for_logout_option' is clicked on

13-08-2024T15:26:06 - [MESSAGE][PASSED] - Object: 'Object Repository/logout_and_login_after_new_employee_added/userdropdown_for_logout_option' is clicked on

13-08-2024T15:26:06 - [TEST_STEP][PASSED] - delay(3): Delayed 3 second(s)

13-08-2024T15:26:09 - [MESSAGE][PASSED] - Delayed 3 second(s)

13-08-2024T15:26:09 - [TEST_STEP][PASSED] - click(findTestObject("logout_and_login_after_new_employee_added/logout_option")): Object: 'Object Repository/logout_and_login_after_new_employee_added/logout_option' is clicked on

13-08-2024T15:26:10 - [MESSAGE][PASSED] - Object: 'Object Repository/logout_and_login_after_new_employee_added/logout_option' is clicked on

13-08-2024T15:26:10 - [TEST_STEP][PASSED] - delay(3): Delayed 3 second(s)

13-08-2024T15:26:13 - [MESSAGE][PASSED] - Delayed 3 second(s)

13-08-2024T15:26:13 - [MESSAGE][PASSED] - Call Test Case 'Test Cases/logout_testcase' successfully

13-08-2024T15:26:13 - [TEST_STEP][PASSED] - fis.close(): null

13-08-2024T15:26:13 - [TEST_STEP][PASSED] - workbook.close(): null

13-08-2024T15:26:13 - [TEST_STEP][PASSED] - println("Login process completed using data from Excel."): null

13-08-2024T15:26:13 - [MESSAGE][PASSED] - Call Test Case 'Test Cases/test_case_for_getting_data_from_folder' successfully]]></system-out>
         <system-err><![CDATA[]]></system-err>
      </testcase>
      <system-out><![CDATA[13-08-2024T15:02:49 - [TEST_SUITE][PASSED] - Test_Case_For_Excel_And_Mail_Automation: Test Cases/Test_case_for_excel_and_mail_automation]]></system-out>
      <system-err><![CDATA[]]></system-err>
   </testsuite>
</testsuites>
